SF:C:\Dev\xunit\xunit\src\xunit.runner.reporters\Utility\EnvironmentHelper.cs
FN:17,System.String Xunit.EnvironmentHelper::GetEnvironmentVariable(System.String)
FNDA:4,System.String Xunit.EnvironmentHelper::GetEnvironmentVariable(System.String)
DA:18,4
FN:22,System.Reflection.MethodInfo Xunit.EnvironmentHelper::GetEnvironmentVariableMethod()
FNDA:1,System.Reflection.MethodInfo Xunit.EnvironmentHelper::GetEnvironmentVariableMethod()
DA:23,1
DA:24,1
DA:25,0
DA:27,1
BRDA:24,40,0,0
BRDA:24,40,1,1
FN:13,System.Void Xunit.EnvironmentHelper::.cctor()
FNDA:1,System.Void Xunit.EnvironmentHelper::.cctor()
DA:14,1
LF:6
LH:5
BRF:2
BRH:1
FNF:3
FNH:3
end_of_record
SF:C:\Dev\xunit\xunit\src\common\XunitWorkerThread.cs
FN:75,System.Void Xunit.Sdk.XunitWorkerThread::Dispose()
FNDA:0,System.Void Xunit.Sdk.XunitWorkerThread::Dispose()
DA:76,0
FN:79,System.Void Xunit.Sdk.XunitWorkerThread::Join()
FNDA:0,System.Void Xunit.Sdk.XunitWorkerThread::Join()
DA:80,0
DA:81,0
DA:82,0
BRDA:80,11,0,0
BRDA:80,11,1,0
FN:85,System.Void Xunit.Sdk.XunitWorkerThread::QueueUserWorkItem(System.Action,System.Threading.EventWaitHandle)
FNDA:0,System.Void Xunit.Sdk.XunitWorkerThread::QueueUserWorkItem(System.Action,System.Threading.EventWaitHandle)
DA:86,0
DA:87,0
DA:88,0
DA:89,0
DA:90,0
DA:91,0
DA:92,0
DA:93,0
DA:94,0
DA:95,0
DA:96,0
DA:97,0
DA:98,0
DA:99,0
DA:100,0
DA:101,0
BRDA:86,6,0,0
BRDA:86,6,1,0
FN:69,System.Void Xunit.Sdk.XunitWorkerThread::.ctor(System.Action)
FNDA:0,System.Void Xunit.Sdk.XunitWorkerThread::.ctor(System.Action)
DA:70,0
DA:72,0
DA:73,0
DA:74,0
BRDA:72,13,0,0
BRDA:72,13,1,0
LF:24
LH:0
BRF:8
BRH:0
FNF:4
FNH:0
end_of_record
SF:C:\Dev\xunit\xunit\src\xunit.runner.reporters\AppVeyorClient.cs
FN:42,System.Void Xunit.Runner.Reporters.AppVeyorClient::WaitOne(System.Threading.CancellationToken)
FNDA:0,System.Void Xunit.Runner.Reporters.AppVeyorClient::WaitOne(System.Threading.CancellationToken)
DA:43,0
DA:44,0
DA:46,0
DA:47,0
DA:48,0
FN:81,System.Void Xunit.Runner.Reporters.AppVeyorClient::AddTest(System.Collections.Generic.IDictionary`2<System.String,System.Object>)
FNDA:0,System.Void Xunit.Runner.Reporters.AppVeyorClient::AddTest(System.Collections.Generic.IDictionary`2<System.String,System.Object>)
DA:82,0
DA:83,0
DA:84,0
FN:87,System.Void Xunit.Runner.Reporters.AppVeyorClient::UpdateTest(System.Collections.Generic.IDictionary`2<System.String,System.Object>)
FNDA:0,System.Void Xunit.Runner.Reporters.AppVeyorClient::UpdateTest(System.Collections.Generic.IDictionary`2<System.String,System.Object>)
DA:88,0
DA:89,0
DA:90,0
FN:129,System.String Xunit.Runner.Reporters.AppVeyorClient::ToJson(System.Collections.Generic.IEnumerable`1<System.Collections.Generic.IDictionary`2<System.String,System.Object>>)
FNDA:0,System.String Xunit.Runner.Reporters.AppVeyorClient::ToJson(System.Collections.Generic.IEnumerable`1<System.Collections.Generic.IDictionary`2<System.String,System.Object>>)
DA:130,0
DA:131,0
BRDA:130,12,0,0
BRDA:130,12,1,0
FN:17,System.Void Xunit.Runner.Reporters.AppVeyorClient::.ctor(Xunit.IRunnerLogger,System.String)
FNDA:0,System.Void Xunit.Runner.Reporters.AppVeyorClient::.ctor(Xunit.IRunnerLogger,System.String)
DA:18,0
DA:20,0
DA:21,0
DA:23,0
DA:24,0
DA:26,0
DA:27,0
DA:32,0
DA:33,0
DA:36,0
DA:38,0
FN:53,System.Void Xunit.Runner.Reporters.AppVeyorClient/<RunLoop>d__13::MoveNext()
FNDA:0,System.Void Xunit.Runner.Reporters.AppVeyorClient/<RunLoop>d__13::MoveNext()
DA:54,0
DA:56,0
DA:57,0
DA:60,0
DA:61,0
DA:63,0
DA:66,0
DA:67,0
DA:68,0
DA:69,0
DA:71,0
DA:72,0
DA:75,0
DA:77,0
BRDA:54,254,1,0
BRDA:54,270,1,0
BRDA:54,286,1,0
BRDA:63,92,0,0
BRDA:66,172,0,0
BRDA:66,172,1,0
BRDA:54,254,0,0
BRDA:54,270,0,0
BRDA:63,92,1,0
BRDA:54,286,0,0
BRDA:72,300,0,0
BRDA:72,300,1,0
FN:93,System.Void Xunit.Runner.Reporters.AppVeyorClient/<SendRequest>d__16::MoveNext()
FNDA:0,System.Void Xunit.Runner.Reporters.AppVeyorClient/<SendRequest>d__16::MoveNext()
DA:94,0
DA:95,0
DA:97,0
DA:101,0
DA:103,0
DA:104,0
DA:105,0
DA:106,0
DA:107,0
DA:108,0
DA:110,0
DA:112,0
DA:113,0
DA:115,0
DA:116,0
DA:118,0
DA:119,0
DA:120,0
DA:122,0
DA:123,0
DA:125,0
BRDA:94,28,0,0
BRDA:94,28,1,0
BRDA:97,54,0,0
BRDA:97,54,1,0
BRDA:110,174,0,0
BRDA:112,223,0,0
BRDA:110,174,1,0
BRDA:112,223,1,0
BRDA:113,306,0,0
BRDA:113,306,1,0
LF:59
LH:0
BRF:24
BRH:0
FNF:7
FNH:0
end_of_record
SF:C:\Dev\xunit\xunit\src\xunit.runner.reporters\AppVeyorReporter.cs
FN:7,System.String Xunit.Runner.Reporters.AppVeyorReporter::get_Description()
FNDA:0,System.String Xunit.Runner.Reporters.AppVeyorReporter::get_Description()
DA:8,0
FN:10,System.Boolean Xunit.Runner.Reporters.AppVeyorReporter::get_IsEnvironmentallyEnabled()
FNDA:2,System.Boolean Xunit.Runner.Reporters.AppVeyorReporter::get_IsEnvironmentallyEnabled()
DA:11,2
FN:13,System.String Xunit.Runner.Reporters.AppVeyorReporter::get_RunnerSwitch()
FNDA:0,System.String Xunit.Runner.Reporters.AppVeyorReporter::get_RunnerSwitch()
DA:14,0
FN:17,Xunit.Abstractions.IMessageSink Xunit.Runner.Reporters.AppVeyorReporter::CreateMessageHandler(Xunit.IRunnerLogger)
FNDA:0,Xunit.Abstractions.IMessageSink Xunit.Runner.Reporters.AppVeyorReporter::CreateMessageHandler(Xunit.IRunnerLogger)
DA:18,0
DA:19,0
DA:20,0
DA:21,0
BRDA:19,12,0,0
BRDA:19,12,1,0
LF:7
LH:1
BRF:2
BRH:0
FNF:4
FNH:1
end_of_record
SF:C:\Dev\xunit\xunit\src\xunit.runner.reporters\AppVeyorReporterMessageHandler.cs
FN:35,System.Void Xunit.Runner.Reporters.AppVeyorReporterMessageHandler::HandleTestAssemblyFinished(Xunit.MessageHandlerArgs`1<Xunit.Abstractions.ITestAssemblyFinished>)
FNDA:0,System.Void Xunit.Runner.Reporters.AppVeyorReporterMessageHandler::HandleTestAssemblyFinished(Xunit.MessageHandlerArgs`1<Xunit.Abstractions.ITestAssemblyFinished>)
DA:36,0
DA:38,0
DA:40,0
DA:43,0
DA:44,0
DA:46,0
DA:47,0
BRDA:40,37,0,0
BRDA:40,37,1,0
FN:50,System.Void Xunit.Runner.Reporters.AppVeyorReporterMessageHandler::HandleTestAssemblyStarting(Xunit.MessageHandlerArgs`1<Xunit.Abstractions.ITestAssemblyStarting>)
FNDA:0,System.Void Xunit.Runner.Reporters.AppVeyorReporterMessageHandler::HandleTestAssemblyStarting(Xunit.MessageHandlerArgs`1<Xunit.Abstractions.ITestAssemblyStarting>)
DA:51,0
DA:53,0
DA:56,0
DA:57,0
DA:59,0
DA:60,0
DA:61,0
DA:63,0
DA:65,0
DA:66,0
DA:67,0
DA:68,0
BRDA:57,63,0,0
BRDA:57,63,1,0
BRDA:60,113,0,0
BRDA:60,113,1,0
BRDA:65,182,0,0
BRDA:65,182,1,0
FN:71,System.Void Xunit.Runner.Reporters.AppVeyorReporterMessageHandler::HandleTestStarting(Xunit.MessageHandlerArgs`1<Xunit.Abstractions.ITestStarting>)
FNDA:0,System.Void Xunit.Runner.Reporters.AppVeyorReporterMessageHandler::HandleTestStarting(Xunit.MessageHandlerArgs`1<Xunit.Abstractions.ITestStarting>)
DA:72,0
DA:74,0
DA:75,0
DA:76,0
DA:77,0
DA:79,0
DA:80,0
BRDA:76,74,0,0
BRDA:76,74,1,0
FN:83,System.Void Xunit.Runner.Reporters.AppVeyorReporterMessageHandler::HandleTestPassed(Xunit.MessageHandlerArgs`1<Xunit.Abstractions.ITestPassed>)
FNDA:0,System.Void Xunit.Runner.Reporters.AppVeyorReporterMessageHandler::HandleTestPassed(Xunit.MessageHandlerArgs`1<Xunit.Abstractions.ITestPassed>)
DA:84,0
DA:85,0
DA:87,0
DA:88,0
DA:90,0
DA:91,0
FN:94,System.Void Xunit.Runner.Reporters.AppVeyorReporterMessageHandler::HandleTestSkipped(Xunit.MessageHandlerArgs`1<Xunit.Abstractions.ITestSkipped>)
FNDA:0,System.Void Xunit.Runner.Reporters.AppVeyorReporterMessageHandler::HandleTestSkipped(Xunit.MessageHandlerArgs`1<Xunit.Abstractions.ITestSkipped>)
DA:95,0
DA:96,0
DA:98,0
DA:99,0
DA:101,0
DA:102,0
FN:105,System.Void Xunit.Runner.Reporters.AppVeyorReporterMessageHandler::HandleTestFailed(Xunit.MessageHandlerArgs`1<Xunit.Abstractions.ITestFailed>)
FNDA:0,System.Void Xunit.Runner.Reporters.AppVeyorReporterMessageHandler::HandleTestFailed(Xunit.MessageHandlerArgs`1<Xunit.Abstractions.ITestFailed>)
DA:106,0
DA:108,0
DA:109,0
DA:110,0
DA:111,0
DA:113,0
DA:114,0
FN:119,System.String Xunit.Runner.Reporters.AppVeyorReporterMessageHandler::GetFinishedTestName(System.String,System.Collections.Generic.Dictionary`2<System.String,System.Int32>)
FNDA:0,System.String Xunit.Runner.Reporters.AppVeyorReporterMessageHandler::GetFinishedTestName(System.String,System.Collections.Generic.Dictionary`2<System.String,System.Int32>)
DA:120,0
DA:122,0
DA:123,0
DA:125,0
DA:127,0
DA:128,0
DA:131,0
DA:132,0
DA:134,0
BRDA:125,23,0,0
BRDA:125,23,1,0
FN:138,System.Void Xunit.Runner.Reporters.AppVeyorReporterMessageHandler::AppVeyorAddTest(System.String,System.String,System.String,System.String,System.Nullable`1<System.Int64>,System.String,System.String,System.String)
FNDA:0,System.Void Xunit.Runner.Reporters.AppVeyorReporterMessageHandler::AppVeyorAddTest(System.String,System.String,System.String,System.String,System.Nullable`1<System.Int64>,System.String,System.String,System.String)
DA:139,0
DA:140,0
DA:141,0
DA:142,0
DA:143,0
DA:144,0
DA:145,0
DA:146,0
DA:147,0
DA:148,0
DA:149,0
DA:151,0
DA:152,0
FN:156,System.Void Xunit.Runner.Reporters.AppVeyorReporterMessageHandler::AppVeyorUpdateTest(System.String,System.String,System.String,System.String,System.Nullable`1<System.Int64>,System.String,System.String,System.String)
FNDA:0,System.Void Xunit.Runner.Reporters.AppVeyorReporterMessageHandler::AppVeyorUpdateTest(System.String,System.String,System.String,System.String,System.Nullable`1<System.Int64>,System.String,System.String,System.String)
DA:157,0
DA:158,0
DA:159,0
DA:160,0
DA:161,0
DA:162,0
DA:163,0
DA:164,0
DA:165,0
DA:166,0
DA:167,0
DA:169,0
DA:170,0
FN:172,System.String Xunit.Runner.Reporters.AppVeyorReporterMessageHandler::TrimStdOut(System.String)
FNDA:0,System.String Xunit.Runner.Reporters.AppVeyorReporterMessageHandler::TrimStdOut(System.String)
DA:173,0
BRDA:173,1,0,0
BRDA:173,1,1,0
BRDA:173,14,0,0
BRDA:173,14,1,0
FN:16,System.Void Xunit.Runner.Reporters.AppVeyorReporterMessageHandler::.ctor(Xunit.IRunnerLogger,System.String)
FNDA:0,System.Void Xunit.Runner.Reporters.AppVeyorReporterMessageHandler::.ctor(Xunit.IRunnerLogger,System.String)
DA:17,0
DA:22,0
DA:25,0
DA:27,0
DA:29,0
DA:30,0
DA:31,0
DA:32,0
LF:89
LH:0
BRF:16
BRH:0
FNF:11
FNH:0
end_of_record
SF:C:\Dev\xunit\xunit\src\xunit.runner.reporters\JsonExtentions.cs
FN:11,System.String Xunit.Runner.Reporters.JsonExtentions::ToJson(System.Collections.Generic.IDictionary`2<System.String,System.Object>)
FNDA:0,System.String Xunit.Runner.Reporters.JsonExtentions::ToJson(System.Collections.Generic.IDictionary`2<System.String,System.Object>)
DA:12,0
DA:14,0
DA:15,0
DA:17,0
BRDA:14,48,1,0
BRDA:14,48,0,0
FN:21,System.Void Xunit.Runner.Reporters.JsonExtentions::AddValue(System.Text.StringBuilder,System.String,System.Object)
FNDA:0,System.Void Xunit.Runner.Reporters.JsonExtentions::AddValue(System.Text.StringBuilder,System.String,System.Object)
DA:22,0
DA:23,0
DA:25,0
DA:26,0
DA:28,0
DA:29,0
DA:30,0
DA:31,0
DA:33,0
DA:34,0
BRDA:22,1,0,0
BRDA:22,1,1,0
BRDA:25,10,0,0
BRDA:25,10,1,0
BRDA:28,27,0,0
BRDA:28,35,0,0
BRDA:28,43,0,0
BRDA:28,51,0,0
BRDA:28,27,1,0
BRDA:28,35,1,0
BRDA:28,43,1,0
BRDA:28,51,1,0
BRDA:28,59,0,0
BRDA:28,59,1,0
BRDA:30,92,0,0
BRDA:30,92,1,0
FN:37,System.String Xunit.Runner.Reporters.JsonExtentions::JsonEscape(System.String)
FNDA:0,System.String Xunit.Runner.Reporters.JsonExtentions::JsonEscape(System.String)
DA:38,0
DA:40,0
DA:41,0
DA:43,0
DA:44,0
DA:45,0
DA:46,0
DA:47,0
DA:49,0
DA:50,0
DA:52,0
DA:56,0
BRDA:40,176,1,0
BRDA:41,27,0,0
BRDA:41,55,0,0
BRDA:41,60,0,0
BRDA:41,55,1,0
BRDA:41,27,1,0
BRDA:41,27,5,0
BRDA:41,27,2,0
BRDA:41,27,3,0
BRDA:41,27,4,0
BRDA:41,60,1,0
BRDA:49,135,0,0
BRDA:49,135,1,0
BRDA:40,176,0,0
FN:133,System.Collections.Generic.Dictionary`2<System.String,System.Object> Xunit.Runner.Reporters.JsonExtentions::initObject(System.String,System.Object,System.Type,System.String)
FNDA:0,System.Collections.Generic.Dictionary`2<System.String,System.Object> Xunit.Runner.Reporters.JsonExtentions::initObject(System.String,System.Object,System.Type,System.String)
DA:134,0
DA:136,0
DA:137,0
DA:138,0
DA:140,0
DA:141,0
DA:143,0
BRDA:137,49,0,0
BRDA:137,49,1,0
BRDA:140,103,1,0
BRDA:140,103,0,0
FN:149,System.String Xunit.Runner.Reporters.JsonExtentions::ToJson(Xunit.Abstractions.ITestCollectionStarting,System.String)
FNDA:0,System.String Xunit.Runner.Reporters.JsonExtentions::ToJson(Xunit.Abstractions.ITestCollectionStarting,System.String)
DA:150,0
DA:152,0
FN:156,System.String Xunit.Runner.Reporters.JsonExtentions::ToJson(Xunit.Abstractions.ITestCollectionFinished,System.String)
FNDA:0,System.String Xunit.Runner.Reporters.JsonExtentions::ToJson(Xunit.Abstractions.ITestCollectionFinished,System.String)
DA:157,0
DA:159,0
FN:163,System.String Xunit.Runner.Reporters.JsonExtentions::ToJson(Xunit.Abstractions.ITestFailed,System.String)
FNDA:0,System.String Xunit.Runner.Reporters.JsonExtentions::ToJson(Xunit.Abstractions.ITestFailed,System.String)
DA:164,0
DA:166,0
FN:170,System.String Xunit.Runner.Reporters.JsonExtentions::ToJson(Xunit.Abstractions.ITestSkipped,System.String)
FNDA:0,System.String Xunit.Runner.Reporters.JsonExtentions::ToJson(Xunit.Abstractions.ITestSkipped,System.String)
DA:171,0
DA:172,0
DA:173,0
FN:177,System.String Xunit.Runner.Reporters.JsonExtentions::ToJson(Xunit.Abstractions.ITestStarting,System.String)
FNDA:0,System.String Xunit.Runner.Reporters.JsonExtentions::ToJson(Xunit.Abstractions.ITestStarting,System.String)
DA:178,0
DA:180,0
FN:184,System.String Xunit.Runner.Reporters.JsonExtentions::ToJson(Xunit.Abstractions.IErrorMessage)
FNDA:0,System.String Xunit.Runner.Reporters.JsonExtentions::ToJson(Xunit.Abstractions.IErrorMessage)
DA:185,0
DA:187,0
FN:191,System.String Xunit.Runner.Reporters.JsonExtentions::ToJson(Xunit.Abstractions.ITestPassed,System.String)
FNDA:0,System.String Xunit.Runner.Reporters.JsonExtentions::ToJson(Xunit.Abstractions.ITestPassed,System.String)
DA:192,0
DA:194,0
FN:198,System.String Xunit.Runner.Reporters.JsonExtentions::ToJson(Xunit.Abstractions.ITestMethodCleanupFailure)
FNDA:0,System.String Xunit.Runner.Reporters.JsonExtentions::ToJson(Xunit.Abstractions.ITestMethodCleanupFailure)
DA:199,0
DA:201,0
FN:205,System.String Xunit.Runner.Reporters.JsonExtentions::ToJson(Xunit.Abstractions.ITestCleanupFailure)
FNDA:0,System.String Xunit.Runner.Reporters.JsonExtentions::ToJson(Xunit.Abstractions.ITestCleanupFailure)
DA:206,0
DA:208,0
FN:212,System.String Xunit.Runner.Reporters.JsonExtentions::ToJson(Xunit.Abstractions.ITestCollectionCleanupFailure)
FNDA:0,System.String Xunit.Runner.Reporters.JsonExtentions::ToJson(Xunit.Abstractions.ITestCollectionCleanupFailure)
DA:213,0
DA:215,0
FN:219,System.String Xunit.Runner.Reporters.JsonExtentions::ToJson(Xunit.Abstractions.ITestClassCleanupFailure)
FNDA:0,System.String Xunit.Runner.Reporters.JsonExtentions::ToJson(Xunit.Abstractions.ITestClassCleanupFailure)
DA:220,0
DA:222,0
FN:226,System.String Xunit.Runner.Reporters.JsonExtentions::ToJson(Xunit.Abstractions.ITestAssemblyCleanupFailure)
FNDA:0,System.String Xunit.Runner.Reporters.JsonExtentions::ToJson(Xunit.Abstractions.ITestAssemblyCleanupFailure)
DA:227,0
DA:229,0
FN:233,System.String Xunit.Runner.Reporters.JsonExtentions::ToJson(Xunit.Abstractions.ITestCaseCleanupFailure)
FNDA:0,System.String Xunit.Runner.Reporters.JsonExtentions::ToJson(Xunit.Abstractions.ITestCaseCleanupFailure)
DA:234,0
DA:236,0
FN:62,System.Void Xunit.Runner.Reporters.JsonExtentions::.cctor()
FNDA:0,System.Void Xunit.Runner.Reporters.JsonExtentions::.cctor()
DA:63,0
DA:64,0
DA:65,0
DA:66,0
DA:67,0
DA:68,0
DA:69,0
DA:70,0
DA:71,0
DA:72,0
DA:74,0
DA:75,0
DA:76,0
DA:77,0
DA:78,0
DA:79,0
DA:80,0
DA:81,0
DA:82,0
DA:83,0
DA:84,0
DA:86,0
DA:87,0
DA:88,0
DA:89,0
DA:90,0
DA:91,0
DA:92,0
DA:93,0
DA:94,0
DA:96,0
DA:97,0
DA:98,0
DA:99,0
DA:100,0
DA:101,0
DA:102,0
DA:103,0
DA:105,0
DA:106,0
DA:107,0
DA:108,0
DA:109,0
DA:110,0
DA:111,0
DA:112,0
DA:113,0
DA:115,0
DA:116,0
DA:117,0
DA:118,0
DA:119,0
DA:120,0
DA:121,0
DA:122,0
DA:123,0
DA:124,0
DA:125,0
DA:126,0
DA:127,0
DA:128,0
DA:129,0
DA:130,0
LF:123
LH:0
BRF:46
BRH:0
FNF:18
FNH:0
end_of_record
SF:C:\Dev\xunit\xunit\src\xunit.runner.reporters\JsonReporter.cs
FN:7,System.String Xunit.Runner.Reporters.JsonReporter::get_Description()
FNDA:0,System.String Xunit.Runner.Reporters.JsonReporter::get_Description()
DA:8,0
FN:10,System.Boolean Xunit.Runner.Reporters.JsonReporter::get_IsEnvironmentallyEnabled()
FNDA:2,System.Boolean Xunit.Runner.Reporters.JsonReporter::get_IsEnvironmentallyEnabled()
DA:11,2
FN:13,System.String Xunit.Runner.Reporters.JsonReporter::get_RunnerSwitch()
FNDA:0,System.String Xunit.Runner.Reporters.JsonReporter::get_RunnerSwitch()
DA:14,0
FN:16,Xunit.Abstractions.IMessageSink Xunit.Runner.Reporters.JsonReporter::CreateMessageHandler(Xunit.IRunnerLogger)
FNDA:0,Xunit.Abstractions.IMessageSink Xunit.Runner.Reporters.JsonReporter::CreateMessageHandler(Xunit.IRunnerLogger)
DA:17,0
LF:4
LH:1
BRF:0
BRH:0
FNF:4
FNH:1
end_of_record
SF:C:\Dev\xunit\xunit\src\xunit.runner.reporters\JsonReporterMessageHandler.cs
FN:40,System.String Xunit.Runner.Reporters.JsonReporterMessageHandler::ToFlowId(System.String)
FNDA:0,System.String Xunit.Runner.Reporters.JsonReporterMessageHandler::ToFlowId(System.String)
DA:41,0
DA:45,0
DA:46,0
DA:47,0
DA:50,0
DA:51,0
DA:53,0
DA:57,0
DA:59,0
DA:60,0
DA:63,0
DA:67,0
DA:68,0
DA:69,0
BRDA:45,25,0,0
BRDA:45,25,1,0
BRDA:57,70,0,0
BRDA:57,70,1,0
FN:13,System.Void Xunit.Runner.Reporters.JsonReporterMessageHandler::.ctor(Xunit.IRunnerLogger)
FNDA:0,System.Void Xunit.Runner.Reporters.JsonReporterMessageHandler::.ctor(Xunit.IRunnerLogger)
DA:14,0
DA:15,0
BRDA:14,8,0,0
BRDA:14,8,1,0
FN:9,System.Void Xunit.Runner.Reporters.JsonReporterMessageHandler::.ctor(Xunit.IRunnerLogger,System.Func`2<System.String,System.String>)
FNDA:0,System.Void Xunit.Runner.Reporters.JsonReporterMessageHandler::.ctor(Xunit.IRunnerLogger,System.Func`2<System.String,System.String>)
DA:10,0
DA:11,0
DA:17,0
DA:19,0
DA:21,0
DA:22,0
DA:23,0
DA:24,0
DA:25,0
DA:26,0
DA:27,0
DA:29,0
DA:30,0
DA:31,0
DA:32,0
DA:33,0
DA:34,0
DA:35,0
LF:34
LH:0
BRF:6
BRH:0
FNF:3
FNH:0
end_of_record
SF:C:\Dev\xunit\xunit\src\xunit.runner.reporters\QuietReporter.cs
FN:7,System.String Xunit.Runner.Reporters.QuietReporter::get_Description()
FNDA:0,System.String Xunit.Runner.Reporters.QuietReporter::get_Description()
DA:8,0
FN:10,System.Boolean Xunit.Runner.Reporters.QuietReporter::get_IsEnvironmentallyEnabled()
FNDA:2,System.Boolean Xunit.Runner.Reporters.QuietReporter::get_IsEnvironmentallyEnabled()
DA:11,2
FN:13,System.String Xunit.Runner.Reporters.QuietReporter::get_RunnerSwitch()
FNDA:0,System.String Xunit.Runner.Reporters.QuietReporter::get_RunnerSwitch()
DA:14,0
FN:16,Xunit.Abstractions.IMessageSink Xunit.Runner.Reporters.QuietReporter::CreateMessageHandler(Xunit.IRunnerLogger)
FNDA:0,Xunit.Abstractions.IMessageSink Xunit.Runner.Reporters.QuietReporter::CreateMessageHandler(Xunit.IRunnerLogger)
DA:17,0
LF:4
LH:1
BRF:0
BRH:0
FNF:4
FNH:1
end_of_record
SF:C:\Dev\xunit\xunit\src\xunit.runner.reporters\QuietReporterMessageHandler.cs
FN:4,System.Void Xunit.Runner.Reporters.QuietReporterMessageHandler::.ctor(Xunit.IRunnerLogger)
FNDA:0,System.Void Xunit.Runner.Reporters.QuietReporterMessageHandler::.ctor(Xunit.IRunnerLogger)
DA:5,0
DA:7,0
DA:8,0
DA:9,0
DA:10,0
DA:11,0
DA:12,0
LF:7
LH:0
BRF:0
BRH:0
FNF:1
FNH:0
end_of_record
SF:C:\Dev\xunit\xunit\src\xunit.runner.reporters\TeamCityReporter.cs
FN:7,System.String Xunit.Runner.Reporters.TeamCityReporter::get_Description()
FNDA:0,System.String Xunit.Runner.Reporters.TeamCityReporter::get_Description()
DA:8,0
FN:10,System.Boolean Xunit.Runner.Reporters.TeamCityReporter::get_IsEnvironmentallyEnabled()
FNDA:2,System.Boolean Xunit.Runner.Reporters.TeamCityReporter::get_IsEnvironmentallyEnabled()
DA:11,2
FN:13,System.String Xunit.Runner.Reporters.TeamCityReporter::get_RunnerSwitch()
FNDA:0,System.String Xunit.Runner.Reporters.TeamCityReporter::get_RunnerSwitch()
DA:14,0
FN:16,Xunit.Abstractions.IMessageSink Xunit.Runner.Reporters.TeamCityReporter::CreateMessageHandler(Xunit.IRunnerLogger)
FNDA:0,Xunit.Abstractions.IMessageSink Xunit.Runner.Reporters.TeamCityReporter::CreateMessageHandler(Xunit.IRunnerLogger)
DA:17,0
LF:4
LH:1
BRF:0
BRH:0
FNF:4
FNH:1
end_of_record
SF:C:\Dev\xunit\xunit\src\xunit.runner.reporters\TeamCityReporterMessageHandler.cs
FN:41,System.Void Xunit.Runner.Reporters.TeamCityReporterMessageHandler::HandleErrorMessage(Xunit.MessageHandlerArgs`1<Xunit.Abstractions.IErrorMessage>)
FNDA:0,System.Void Xunit.Runner.Reporters.TeamCityReporterMessageHandler::HandleErrorMessage(Xunit.MessageHandlerArgs`1<Xunit.Abstractions.IErrorMessage>)
DA:42,0
DA:43,0
DA:44,0
FN:47,System.Void Xunit.Runner.Reporters.TeamCityReporterMessageHandler::HandleTestAssemblyCleanupFailure(Xunit.MessageHandlerArgs`1<Xunit.Abstractions.ITestAssemblyCleanupFailure>)
FNDA:0,System.Void Xunit.Runner.Reporters.TeamCityReporterMessageHandler::HandleTestAssemblyCleanupFailure(Xunit.MessageHandlerArgs`1<Xunit.Abstractions.ITestAssemblyCleanupFailure>)
DA:48,0
DA:49,0
DA:50,0
FN:53,System.Void Xunit.Runner.Reporters.TeamCityReporterMessageHandler::HandleTestCaseCleanupFailure(Xunit.MessageHandlerArgs`1<Xunit.Abstractions.ITestCaseCleanupFailure>)
FNDA:0,System.Void Xunit.Runner.Reporters.TeamCityReporterMessageHandler::HandleTestCaseCleanupFailure(Xunit.MessageHandlerArgs`1<Xunit.Abstractions.ITestCaseCleanupFailure>)
DA:54,0
DA:55,0
DA:56,0
FN:59,System.Void Xunit.Runner.Reporters.TeamCityReporterMessageHandler::HandleTestCaseCleanupFailure(Xunit.MessageHandlerArgs`1<Xunit.Abstractions.ITestClassCleanupFailure>)
FNDA:0,System.Void Xunit.Runner.Reporters.TeamCityReporterMessageHandler::HandleTestCaseCleanupFailure(Xunit.MessageHandlerArgs`1<Xunit.Abstractions.ITestClassCleanupFailure>)
DA:60,0
DA:61,0
DA:62,0
FN:65,System.Void Xunit.Runner.Reporters.TeamCityReporterMessageHandler::HandleTestCollectionCleanupFailure(Xunit.MessageHandlerArgs`1<Xunit.Abstractions.ITestCollectionCleanupFailure>)
FNDA:0,System.Void Xunit.Runner.Reporters.TeamCityReporterMessageHandler::HandleTestCollectionCleanupFailure(Xunit.MessageHandlerArgs`1<Xunit.Abstractions.ITestCollectionCleanupFailure>)
DA:66,0
DA:67,0
DA:68,0
FN:71,System.Void Xunit.Runner.Reporters.TeamCityReporterMessageHandler::HandleTestCollectionFinished(Xunit.MessageHandlerArgs`1<Xunit.Abstractions.ITestCollectionFinished>)
FNDA:0,System.Void Xunit.Runner.Reporters.TeamCityReporterMessageHandler::HandleTestCollectionFinished(Xunit.MessageHandlerArgs`1<Xunit.Abstractions.ITestCollectionFinished>)
DA:72,0
DA:73,0
DA:74,0
FN:77,System.Void Xunit.Runner.Reporters.TeamCityReporterMessageHandler::HandleTestCollectionStarting(Xunit.MessageHandlerArgs`1<Xunit.Abstractions.ITestCollectionStarting>)
FNDA:0,System.Void Xunit.Runner.Reporters.TeamCityReporterMessageHandler::HandleTestCollectionStarting(Xunit.MessageHandlerArgs`1<Xunit.Abstractions.ITestCollectionStarting>)
DA:78,0
DA:79,0
DA:80,0
FN:83,System.Void Xunit.Runner.Reporters.TeamCityReporterMessageHandler::HandleTestCleanupFailure(Xunit.MessageHandlerArgs`1<Xunit.Abstractions.ITestCleanupFailure>)
FNDA:0,System.Void Xunit.Runner.Reporters.TeamCityReporterMessageHandler::HandleTestCleanupFailure(Xunit.MessageHandlerArgs`1<Xunit.Abstractions.ITestCleanupFailure>)
DA:84,0
DA:85,0
DA:86,0
FN:89,System.Void Xunit.Runner.Reporters.TeamCityReporterMessageHandler::HandleTestFailed(Xunit.MessageHandlerArgs`1<Xunit.Abstractions.ITestFailed>)
FNDA:0,System.Void Xunit.Runner.Reporters.TeamCityReporterMessageHandler::HandleTestFailed(Xunit.MessageHandlerArgs`1<Xunit.Abstractions.ITestFailed>)
DA:90,0
DA:91,0
DA:92,0
DA:93,0
FN:96,System.Void Xunit.Runner.Reporters.TeamCityReporterMessageHandler::HandleTestMethodCleanupFailure(Xunit.MessageHandlerArgs`1<Xunit.Abstractions.ITestMethodCleanupFailure>)
FNDA:0,System.Void Xunit.Runner.Reporters.TeamCityReporterMessageHandler::HandleTestMethodCleanupFailure(Xunit.MessageHandlerArgs`1<Xunit.Abstractions.ITestMethodCleanupFailure>)
DA:97,0
DA:98,0
DA:99,0
FN:102,System.Void Xunit.Runner.Reporters.TeamCityReporterMessageHandler::HandleTestPassed(Xunit.MessageHandlerArgs`1<Xunit.Abstractions.ITestPassed>)
FNDA:0,System.Void Xunit.Runner.Reporters.TeamCityReporterMessageHandler::HandleTestPassed(Xunit.MessageHandlerArgs`1<Xunit.Abstractions.ITestPassed>)
DA:103,0
DA:104,0
DA:105,0
FN:108,System.Void Xunit.Runner.Reporters.TeamCityReporterMessageHandler::HandleTestSkipped(Xunit.MessageHandlerArgs`1<Xunit.Abstractions.ITestSkipped>)
FNDA:0,System.Void Xunit.Runner.Reporters.TeamCityReporterMessageHandler::HandleTestSkipped(Xunit.MessageHandlerArgs`1<Xunit.Abstractions.ITestSkipped>)
DA:109,0
DA:110,0
DA:111,0
DA:112,0
FN:115,System.Void Xunit.Runner.Reporters.TeamCityReporterMessageHandler::HandleTestStarting(Xunit.MessageHandlerArgs`1<Xunit.Abstractions.ITestStarting>)
FNDA:0,System.Void Xunit.Runner.Reporters.TeamCityReporterMessageHandler::HandleTestStarting(Xunit.MessageHandlerArgs`1<Xunit.Abstractions.ITestStarting>)
DA:116,0
DA:117,0
DA:118,0
FN:123,System.Void Xunit.Runner.Reporters.TeamCityReporterMessageHandler::LogError(System.String,Xunit.Abstractions.IFailureInformation)
FNDA:0,System.Void Xunit.Runner.Reporters.TeamCityReporterMessageHandler::LogError(System.String,Xunit.Abstractions.IFailureInformation)
DA:124,0
DA:125,0
DA:127,0
DA:128,0
FN:131,System.Void Xunit.Runner.Reporters.TeamCityReporterMessageHandler::LogFinish(Xunit.Abstractions.ITestResultMessage)
FNDA:0,System.Void Xunit.Runner.Reporters.TeamCityReporterMessageHandler::LogFinish(Xunit.Abstractions.ITestResultMessage)
DA:132,0
DA:134,0
DA:135,0
DA:137,0
DA:138,0
BRDA:134,34,0,0
BRDA:134,34,1,0
FN:141,System.String Xunit.Runner.Reporters.TeamCityReporterMessageHandler::Escape(System.String)
FNDA:0,System.String Xunit.Runner.Reporters.TeamCityReporterMessageHandler::Escape(System.String)
DA:142,0
DA:143,0
DA:145,0
DA:146,0
DA:147,0
DA:148,0
DA:149,0
DA:150,0
DA:151,0
DA:152,0
DA:153,0
BRDA:142,1,0,0
BRDA:142,1,1,0
FN:159,System.String Xunit.Runner.Reporters.TeamCityReporterMessageHandler::ToFlowId(System.String)
FNDA:0,System.String Xunit.Runner.Reporters.TeamCityReporterMessageHandler::ToFlowId(System.String)
DA:160,0
DA:164,0
DA:165,0
DA:166,0
DA:169,0
DA:170,0
DA:172,0
DA:176,0
DA:178,0
DA:179,0
DA:182,0
DA:186,0
DA:187,0
DA:188,0
BRDA:164,25,0,0
BRDA:164,25,1,0
BRDA:176,70,0,0
BRDA:176,70,1,0
FN:11,System.Void Xunit.Runner.Reporters.TeamCityReporterMessageHandler::.ctor(Xunit.IRunnerLogger,System.Func`2<System.String,System.String>,Xunit.Runner.Reporters.TeamCityDisplayNameFormatter)
FNDA:0,System.Void Xunit.Runner.Reporters.TeamCityReporterMessageHandler::.ctor(Xunit.IRunnerLogger,System.Func`2<System.String,System.String>,Xunit.Runner.Reporters.TeamCityDisplayNameFormatter)
DA:12,0
DA:13,0
DA:16,0
DA:17,0
DA:18,0
DA:20,0
DA:21,0
DA:22,0
DA:24,0
DA:26,0
DA:27,0
DA:28,0
DA:29,0
DA:30,0
DA:31,0
DA:32,0
DA:33,0
DA:34,0
DA:35,0
DA:36,0
DA:37,0
DA:38,0
BRDA:21,38,0,0
BRDA:21,47,0,0
BRDA:21,38,1,0
BRDA:21,47,1,0
BRDA:22,80,0,0
BRDA:22,80,1,0
LF:97
LH:0
BRF:14
BRH:0
FNF:18
FNH:0
end_of_record
SF:C:\Dev\xunit\xunit\src\xunit.runner.reporters\Utility\TeamCityDisplayNameFormatter.cs
FN:15,System.String Xunit.Runner.Reporters.TeamCityDisplayNameFormatter::DisplayName(Xunit.Abstractions.ITestCollection)
FNDA:0,System.String Xunit.Runner.Reporters.TeamCityDisplayNameFormatter::DisplayName(Xunit.Abstractions.ITestCollection)
DA:16,0
DA:18,0
DA:20,0
DA:21,0
DA:23,0
DA:25,0
BRDA:18,46,0,0
BRDA:18,46,1,0
FN:29,System.String Xunit.Runner.Reporters.TeamCityDisplayNameFormatter::DisplayName(Xunit.Abstractions.ITest)
FNDA:0,System.String Xunit.Runner.Reporters.TeamCityDisplayNameFormatter::DisplayName(Xunit.Abstractions.ITest)
DA:30,0
FN:9,System.Void Xunit.Runner.Reporters.TeamCityDisplayNameFormatter::.ctor()
FNDA:0,System.Void Xunit.Runner.Reporters.TeamCityDisplayNameFormatter::.ctor()
DA:10,0
LF:8
LH:0
BRF:2
BRH:0
FNF:3
FNH:0
end_of_record
SF:C:\Dev\xunit\xunit\src\xunit.runner.reporters\VerboseReporter.cs
FN:7,System.String Xunit.Runner.Reporters.VerboseReporter::get_Description()
FNDA:0,System.String Xunit.Runner.Reporters.VerboseReporter::get_Description()
DA:8,0
FN:10,System.Boolean Xunit.Runner.Reporters.VerboseReporter::get_IsEnvironmentallyEnabled()
FNDA:2,System.Boolean Xunit.Runner.Reporters.VerboseReporter::get_IsEnvironmentallyEnabled()
DA:11,2
FN:13,System.String Xunit.Runner.Reporters.VerboseReporter::get_RunnerSwitch()
FNDA:0,System.String Xunit.Runner.Reporters.VerboseReporter::get_RunnerSwitch()
DA:14,0
FN:16,Xunit.Abstractions.IMessageSink Xunit.Runner.Reporters.VerboseReporter::CreateMessageHandler(Xunit.IRunnerLogger)
FNDA:0,Xunit.Abstractions.IMessageSink Xunit.Runner.Reporters.VerboseReporter::CreateMessageHandler(Xunit.IRunnerLogger)
DA:17,0
LF:4
LH:1
BRF:0
BRH:0
FNF:4
FNH:1
end_of_record
SF:C:\Dev\xunit\xunit\src\xunit.runner.reporters\VerboseReporterMessageHandler.cs
FN:7,System.Void Xunit.Runner.Reporters.VerboseReporterMessageHandler::<.ctor>b__0_0(Xunit.MessageHandlerArgs`1<Xunit.Abstractions.ITestStarting>)
FNDA:0,System.Void Xunit.Runner.Reporters.VerboseReporterMessageHandler::<.ctor>b__0_0(Xunit.MessageHandlerArgs`1<Xunit.Abstractions.ITestStarting>)
DA:8,0
FN:5,System.Void Xunit.Runner.Reporters.VerboseReporterMessageHandler::.ctor(Xunit.IRunnerLogger)
FNDA:0,System.Void Xunit.Runner.Reporters.VerboseReporterMessageHandler::.ctor(Xunit.IRunnerLogger)
DA:6,0
DA:9,0
LF:3
LH:0
BRF:0
BRH:0
FNF:2
FNH:0
end_of_record
SF:C:\Dev\xunit\xunit\src\xunit.runner.visualstudio\Utility\ExceptionExtensions.cs
FN:12,System.Exception ExceptionExtensions::Unwrap(System.Exception)
FNDA:0,System.Exception ExceptionExtensions::Unwrap(System.Exception)
DA:13,0
DA:15,0
DA:16,0
DA:17,0
DA:19,0
BRDA:16,8,0,0
BRDA:16,8,1,0
LF:5
LH:0
BRF:2
BRH:0
FNF:1
FNH:0
end_of_record
SF:C:\Dev\xunit\xunit\src\xunit.runner.visualstudio\Utility\Guard.cs
FN:6,System.Void Guard::ArgumentNotNull(System.String,System.Object)
FNDA:3,System.Void Guard::ArgumentNotNull(System.String,System.Object)
DA:7,3
DA:8,0
DA:9,3
BRDA:7,1,0,0
BRDA:7,1,1,3
FN:12,System.Void Guard::ArgumentValid(System.String,System.String,System.Boolean)
FNDA:0,System.Void Guard::ArgumentValid(System.String,System.String,System.Boolean)
DA:13,0
DA:14,0
DA:15,0
BRDA:13,1,0,0
BRDA:13,1,1,0
LF:6
LH:2
BRF:4
BRH:1
FNF:2
FNH:1
end_of_record
SF:C:\Dev\xunit\xunit\src\xunit.runner.visualstudio\Utility\LoggerHelper.cs
FN:13,Microsoft.VisualStudio.TestPlatform.ObjectModel.Logging.IMessageLogger LoggerHelper::get_InnerLogger()
FNDA:5,Microsoft.VisualStudio.TestPlatform.ObjectModel.Logging.IMessageLogger LoggerHelper::get_InnerLogger()
DA:14,5
FN:15,System.Diagnostics.Stopwatch LoggerHelper::get_Stopwatch()
FNDA:5,System.Diagnostics.Stopwatch LoggerHelper::get_Stopwatch()
DA:16,5
FN:19,System.Void LoggerHelper::Log(System.String,System.Object[])
FNDA:4,System.Void LoggerHelper::Log(System.String,System.Object[])
DA:20,4
DA:21,4
FN:24,System.Void LoggerHelper::Log(Xunit.Abstractions.ITestCase,System.String,System.Object[])
FNDA:0,System.Void LoggerHelper::Log(Xunit.Abstractions.ITestCase,System.String,System.Object[])
DA:25,0
DA:26,0
FN:29,System.Void LoggerHelper::LogWithSource(System.String,System.String,System.Object[])
FNDA:0,System.Void LoggerHelper::LogWithSource(System.String,System.String,System.Object[])
DA:30,0
DA:31,0
FN:34,System.Void LoggerHelper::LogError(System.String,System.Object[])
FNDA:0,System.Void LoggerHelper::LogError(System.String,System.Object[])
DA:35,0
DA:36,0
FN:39,System.Void LoggerHelper::LogError(Xunit.Abstractions.ITestCase,System.String,System.Object[])
FNDA:0,System.Void LoggerHelper::LogError(Xunit.Abstractions.ITestCase,System.String,System.Object[])
DA:40,0
DA:41,0
FN:44,System.Void LoggerHelper::LogErrorWithSource(System.String,System.String,System.Object[])
FNDA:0,System.Void LoggerHelper::LogErrorWithSource(System.String,System.String,System.Object[])
DA:45,0
DA:46,0
FN:49,System.Void LoggerHelper::LogWarning(System.String,System.Object[])
FNDA:0,System.Void LoggerHelper::LogWarning(System.String,System.Object[])
DA:50,0
DA:51,0
FN:54,System.Void LoggerHelper::LogWarning(Xunit.Abstractions.ITestCase,System.String,System.Object[])
FNDA:0,System.Void LoggerHelper::LogWarning(Xunit.Abstractions.ITestCase,System.String,System.Object[])
DA:55,0
DA:56,0
FN:59,System.Void LoggerHelper::LogWarningWithSource(System.String,System.String,System.Object[])
FNDA:0,System.Void LoggerHelper::LogWarningWithSource(System.String,System.String,System.Object[])
DA:60,0
DA:61,0
FN:64,System.Void LoggerHelper::SendMessage(Microsoft.VisualStudio.TestPlatform.ObjectModel.Logging.TestMessageLevel,System.String,System.String)
FNDA:4,System.Void LoggerHelper::SendMessage(Microsoft.VisualStudio.TestPlatform.ObjectModel.Logging.TestMessageLevel,System.String,System.String)
DA:65,4
DA:66,4
DA:67,4
BRDA:65,1,0,0
BRDA:65,1,1,4
FN:7,System.Void LoggerHelper::.ctor(Microsoft.VisualStudio.TestPlatform.ObjectModel.Logging.IMessageLogger,System.Diagnostics.Stopwatch)
FNDA:1,System.Void LoggerHelper::.ctor(Microsoft.VisualStudio.TestPlatform.ObjectModel.Logging.IMessageLogger,System.Diagnostics.Stopwatch)
DA:8,1
DA:10,1
DA:11,1
DA:12,1
LF:27
LH:11
BRF:2
BRH:1
FNF:13
FNH:5
end_of_record
SF:C:\Dev\xunit\xunit\src\common\Microsoft.Extensions.DependencyModel\CompilationLibrary.cs
FN:43,System.Collections.Generic.IReadOnlyList`1<System.String> Internal.Microsoft.Extensions.DependencyModel.CompilationLibrary::get_Assemblies()
FNDA:0,System.Collections.Generic.IReadOnlyList`1<System.String> Internal.Microsoft.Extensions.DependencyModel.CompilationLibrary::get_Assemblies()
DA:44,0
FN:45,Internal.Microsoft.Extensions.DependencyModel.Resolution.ICompilationAssemblyResolver Internal.Microsoft.Extensions.DependencyModel.CompilationLibrary::get_DefaultResolver()
FNDA:0,Internal.Microsoft.Extensions.DependencyModel.Resolution.ICompilationAssemblyResolver Internal.Microsoft.Extensions.DependencyModel.CompilationLibrary::get_DefaultResolver()
DA:46,0
FN:54,System.Collections.Generic.IEnumerable`1<System.String> Internal.Microsoft.Extensions.DependencyModel.CompilationLibrary::ResolveReferencePaths()
FNDA:0,System.Collections.Generic.IEnumerable`1<System.String> Internal.Microsoft.Extensions.DependencyModel.CompilationLibrary::ResolveReferencePaths()
DA:55,0
DA:57,0
FN:61,System.Collections.Generic.IEnumerable`1<System.String> Internal.Microsoft.Extensions.DependencyModel.CompilationLibrary::ResolveReferencePaths(Internal.Microsoft.Extensions.DependencyModel.Resolution.ICompilationAssemblyResolver[])
FNDA:0,System.Collections.Generic.IEnumerable`1<System.String> Internal.Microsoft.Extensions.DependencyModel.CompilationLibrary::ResolveReferencePaths(Internal.Microsoft.Extensions.DependencyModel.Resolution.ICompilationAssemblyResolver[])
DA:62,0
DA:64,0
DA:66,0
DA:68,0
DA:70,0
DA:75,0
BRDA:64,7,0,0
BRDA:64,11,0,0
BRDA:66,41,1,0
BRDA:68,29,0,0
BRDA:68,29,1,0
BRDA:64,7,1,0
BRDA:64,11,1,0
BRDA:66,41,0,0
FN:79,System.Collections.Generic.IEnumerable`1<System.String> Internal.Microsoft.Extensions.DependencyModel.CompilationLibrary::ResolveReferencePaths(Internal.Microsoft.Extensions.DependencyModel.Resolution.ICompilationAssemblyResolver,System.Collections.Generic.List`1<System.String>)
FNDA:0,System.Collections.Generic.IEnumerable`1<System.String> Internal.Microsoft.Extensions.DependencyModel.CompilationLibrary::ResolveReferencePaths(Internal.Microsoft.Extensions.DependencyModel.Resolution.ICompilationAssemblyResolver,System.Collections.Generic.List`1<System.String>)
DA:80,0
DA:82,0
DA:84,0
BRDA:80,8,0,0
BRDA:80,8,1,0
FN:21,System.Void Internal.Microsoft.Extensions.DependencyModel.CompilationLibrary::.ctor(System.String,System.String,System.String,System.String,System.Collections.Generic.IEnumerable`1<System.String>,System.Collections.Generic.IEnumerable`1<Internal.Microsoft.Extensions.DependencyModel.Dependency>,System.Boolean)
FNDA:0,System.Void Internal.Microsoft.Extensions.DependencyModel.CompilationLibrary::.ctor(System.String,System.String,System.String,System.String,System.Collections.Generic.IEnumerable`1<System.String>,System.Collections.Generic.IEnumerable`1<Internal.Microsoft.Extensions.DependencyModel.Dependency>,System.Boolean)
DA:22,0
DA:24,0
FN:34,System.Void Internal.Microsoft.Extensions.DependencyModel.CompilationLibrary::.ctor(System.String,System.String,System.String,System.String,System.Collections.Generic.IEnumerable`1<System.String>,System.Collections.Generic.IEnumerable`1<Internal.Microsoft.Extensions.DependencyModel.Dependency>,System.Boolean,System.String,System.String)
FNDA:320,System.Void Internal.Microsoft.Extensions.DependencyModel.CompilationLibrary::.ctor(System.String,System.String,System.String,System.String,System.Collections.Generic.IEnumerable`1<System.String>,System.Collections.Generic.IEnumerable`1<Internal.Microsoft.Extensions.DependencyModel.Dependency>,System.Boolean,System.String,System.String)
DA:35,320
DA:37,320
DA:39,0
DA:41,320
DA:42,320
BRDA:37,21,0,0
BRDA:37,21,1,320
FN:46,System.Void Internal.Microsoft.Extensions.DependencyModel.CompilationLibrary::.cctor()
FNDA:0,System.Void Internal.Microsoft.Extensions.DependencyModel.CompilationLibrary::.cctor()
DA:47,0
DA:48,0
DA:49,0
DA:50,0
DA:51,0
LF:25
LH:4
BRF:12
BRH:1
FNF:8
FNH:1
end_of_record
SF:C:\Dev\xunit\xunit\src\common\Microsoft.Extensions.DependencyModel\CompilationOptions.cs
FN:13,System.Collections.Generic.IReadOnlyList`1<System.String> Internal.Microsoft.Extensions.DependencyModel.CompilationOptions::get_Defines()
FNDA:0,System.Collections.Generic.IReadOnlyList`1<System.String> Internal.Microsoft.Extensions.DependencyModel.CompilationOptions::get_Defines()
DA:14,0
FN:15,System.String Internal.Microsoft.Extensions.DependencyModel.CompilationOptions::get_LanguageVersion()
FNDA:0,System.String Internal.Microsoft.Extensions.DependencyModel.CompilationOptions::get_LanguageVersion()
DA:16,0
FN:17,System.String Internal.Microsoft.Extensions.DependencyModel.CompilationOptions::get_Platform()
FNDA:0,System.String Internal.Microsoft.Extensions.DependencyModel.CompilationOptions::get_Platform()
DA:18,0
FN:19,System.Nullable`1<System.Boolean> Internal.Microsoft.Extensions.DependencyModel.CompilationOptions::get_AllowUnsafe()
FNDA:0,System.Nullable`1<System.Boolean> Internal.Microsoft.Extensions.DependencyModel.CompilationOptions::get_AllowUnsafe()
DA:20,0
FN:21,System.Nullable`1<System.Boolean> Internal.Microsoft.Extensions.DependencyModel.CompilationOptions::get_WarningsAsErrors()
FNDA:0,System.Nullable`1<System.Boolean> Internal.Microsoft.Extensions.DependencyModel.CompilationOptions::get_WarningsAsErrors()
DA:22,0
FN:23,System.Nullable`1<System.Boolean> Internal.Microsoft.Extensions.DependencyModel.CompilationOptions::get_Optimize()
FNDA:0,System.Nullable`1<System.Boolean> Internal.Microsoft.Extensions.DependencyModel.CompilationOptions::get_Optimize()
DA:24,0
FN:25,System.String Internal.Microsoft.Extensions.DependencyModel.CompilationOptions::get_KeyFile()
FNDA:0,System.String Internal.Microsoft.Extensions.DependencyModel.CompilationOptions::get_KeyFile()
DA:26,0
FN:27,System.Nullable`1<System.Boolean> Internal.Microsoft.Extensions.DependencyModel.CompilationOptions::get_DelaySign()
FNDA:0,System.Nullable`1<System.Boolean> Internal.Microsoft.Extensions.DependencyModel.CompilationOptions::get_DelaySign()
DA:28,0
FN:29,System.Nullable`1<System.Boolean> Internal.Microsoft.Extensions.DependencyModel.CompilationOptions::get_PublicSign()
FNDA:0,System.Nullable`1<System.Boolean> Internal.Microsoft.Extensions.DependencyModel.CompilationOptions::get_PublicSign()
DA:30,0
FN:31,System.String Internal.Microsoft.Extensions.DependencyModel.CompilationOptions::get_DebugType()
FNDA:0,System.String Internal.Microsoft.Extensions.DependencyModel.CompilationOptions::get_DebugType()
DA:32,0
FN:33,System.Nullable`1<System.Boolean> Internal.Microsoft.Extensions.DependencyModel.CompilationOptions::get_EmitEntryPoint()
FNDA:0,System.Nullable`1<System.Boolean> Internal.Microsoft.Extensions.DependencyModel.CompilationOptions::get_EmitEntryPoint()
DA:34,0
FN:35,System.Nullable`1<System.Boolean> Internal.Microsoft.Extensions.DependencyModel.CompilationOptions::get_GenerateXmlDocumentation()
FNDA:0,System.Nullable`1<System.Boolean> Internal.Microsoft.Extensions.DependencyModel.CompilationOptions::get_GenerateXmlDocumentation()
DA:36,0
FN:37,Internal.Microsoft.Extensions.DependencyModel.CompilationOptions Internal.Microsoft.Extensions.DependencyModel.CompilationOptions::get_Default()
FNDA:0,Internal.Microsoft.Extensions.DependencyModel.CompilationOptions Internal.Microsoft.Extensions.DependencyModel.CompilationOptions::get_Default()
DA:38,0
FN:51,System.Void Internal.Microsoft.Extensions.DependencyModel.CompilationOptions::.ctor(System.Collections.Generic.IEnumerable`1<System.String>,System.String,System.String,System.Nullable`1<System.Boolean>,System.Nullable`1<System.Boolean>,System.Nullable`1<System.Boolean>,System.String,System.Nullable`1<System.Boolean>,System.Nullable`1<System.Boolean>,System.String,System.Nullable`1<System.Boolean>,System.Nullable`1<System.Boolean>)
FNDA:5,System.Void Internal.Microsoft.Extensions.DependencyModel.CompilationOptions::.ctor(System.Collections.Generic.IEnumerable`1<System.String>,System.String,System.String,System.Nullable`1<System.Boolean>,System.Nullable`1<System.Boolean>,System.Nullable`1<System.Boolean>,System.String,System.Nullable`1<System.Boolean>,System.Nullable`1<System.Boolean>,System.String,System.Nullable`1<System.Boolean>,System.Nullable`1<System.Boolean>)
DA:52,5
DA:53,5
DA:54,5
DA:55,5
DA:56,5
DA:57,5
DA:58,5
DA:59,5
DA:60,5
DA:61,5
DA:62,5
DA:63,5
DA:65,5
DA:67,0
DA:69,5
DA:70,5
DA:71,5
DA:72,5
DA:73,5
DA:74,5
DA:75,5
DA:76,5
DA:77,5
DA:78,5
DA:79,5
DA:80,5
DA:81,5
BRDA:65,7,0,0
BRDA:65,7,1,5
FN:38,System.Void Internal.Microsoft.Extensions.DependencyModel.CompilationOptions::.cctor()
FNDA:0,System.Void Internal.Microsoft.Extensions.DependencyModel.CompilationOptions::.cctor()
DA:39,0
DA:40,0
DA:41,0
DA:42,0
DA:43,0
DA:44,0
DA:45,0
DA:46,0
DA:47,0
DA:48,0
DA:49,0
DA:50,0
LF:52
LH:26
BRF:2
BRH:1
FNF:15
FNH:1
end_of_record
SF:C:\Dev\xunit\xunit\src\common\Microsoft.Extensions.DependencyModel\Dependency.cs
FN:26,System.String Internal.Microsoft.Extensions.DependencyModel.Dependency::get_Name()
FNDA:0,System.String Internal.Microsoft.Extensions.DependencyModel.Dependency::get_Name()
DA:27,0
FN:27,System.String Internal.Microsoft.Extensions.DependencyModel.Dependency::get_Version()
FNDA:0,System.String Internal.Microsoft.Extensions.DependencyModel.Dependency::get_Version()
DA:28,0
FN:31,System.Boolean Internal.Microsoft.Extensions.DependencyModel.Dependency::Equals(Internal.Microsoft.Extensions.DependencyModel.Dependency)
FNDA:0,System.Boolean Internal.Microsoft.Extensions.DependencyModel.Dependency::Equals(Internal.Microsoft.Extensions.DependencyModel.Dependency)
DA:32,0
BRDA:32,18,0,0
BRDA:32,18,1,0
FN:36,System.Boolean Internal.Microsoft.Extensions.DependencyModel.Dependency::Equals(System.Object)
FNDA:0,System.Boolean Internal.Microsoft.Extensions.DependencyModel.Dependency::Equals(System.Object)
DA:37,0
DA:38,0
BRDA:37,1,0,0
BRDA:37,1,1,0
BRDA:38,11,0,0
BRDA:38,11,1,0
FN:42,System.Int32 Internal.Microsoft.Extensions.DependencyModel.Dependency::GetHashCode()
FNDA:0,System.Int32 Internal.Microsoft.Extensions.DependencyModel.Dependency::GetHashCode()
DA:43,0
DA:44,0
DA:45,0
DA:46,0
FN:14,System.Void Internal.Microsoft.Extensions.DependencyModel.Dependency::.ctor(System.String,System.String)
FNDA:1742,System.Void Internal.Microsoft.Extensions.DependencyModel.Dependency::.ctor(System.String,System.String)
DA:15,1742
DA:17,0
DA:19,1742
DA:21,0
DA:23,1742
DA:24,1742
DA:25,1742
BRDA:15,6,0,0
BRDA:15,6,1,1742
BRDA:19,25,0,0
BRDA:19,25,1,1742
LF:16
LH:5
BRF:10
BRH:2
FNF:6
FNH:1
end_of_record
SF:C:\Dev\xunit\xunit\src\common\Microsoft.Extensions.DependencyModel\DependencyContext.cs
FN:50,Internal.Microsoft.Extensions.DependencyModel.DependencyContext Internal.Microsoft.Extensions.DependencyModel.DependencyContext::get_Default()
FNDA:2,Internal.Microsoft.Extensions.DependencyModel.DependencyContext Internal.Microsoft.Extensions.DependencyModel.DependencyContext::get_Default()
DA:51,2
FN:52,Internal.Microsoft.Extensions.DependencyModel.TargetInfo Internal.Microsoft.Extensions.DependencyModel.DependencyContext::get_Target()
FNDA:3,Internal.Microsoft.Extensions.DependencyModel.TargetInfo Internal.Microsoft.Extensions.DependencyModel.DependencyContext::get_Target()
DA:53,3
FN:54,Internal.Microsoft.Extensions.DependencyModel.CompilationOptions Internal.Microsoft.Extensions.DependencyModel.DependencyContext::get_CompilationOptions()
FNDA:3,Internal.Microsoft.Extensions.DependencyModel.CompilationOptions Internal.Microsoft.Extensions.DependencyModel.DependencyContext::get_CompilationOptions()
DA:55,3
FN:56,System.Collections.Generic.IReadOnlyList`1<Internal.Microsoft.Extensions.DependencyModel.CompilationLibrary> Internal.Microsoft.Extensions.DependencyModel.DependencyContext::get_CompileLibraries()
FNDA:6,System.Collections.Generic.IReadOnlyList`1<Internal.Microsoft.Extensions.DependencyModel.CompilationLibrary> Internal.Microsoft.Extensions.DependencyModel.DependencyContext::get_CompileLibraries()
DA:57,6
FN:58,System.Collections.Generic.IReadOnlyList`1<Internal.Microsoft.Extensions.DependencyModel.RuntimeLibrary> Internal.Microsoft.Extensions.DependencyModel.DependencyContext::get_RuntimeLibraries()
FNDA:9,System.Collections.Generic.IReadOnlyList`1<Internal.Microsoft.Extensions.DependencyModel.RuntimeLibrary> Internal.Microsoft.Extensions.DependencyModel.DependencyContext::get_RuntimeLibraries()
DA:59,9
FN:60,System.Collections.Generic.IReadOnlyList`1<Internal.Microsoft.Extensions.DependencyModel.RuntimeFallbacks> Internal.Microsoft.Extensions.DependencyModel.DependencyContext::get_RuntimeGraph()
FNDA:178,System.Collections.Generic.IReadOnlyList`1<Internal.Microsoft.Extensions.DependencyModel.RuntimeFallbacks> Internal.Microsoft.Extensions.DependencyModel.DependencyContext::get_RuntimeGraph()
DA:61,178
FN:64,Internal.Microsoft.Extensions.DependencyModel.DependencyContext Internal.Microsoft.Extensions.DependencyModel.DependencyContext::Merge(Internal.Microsoft.Extensions.DependencyModel.DependencyContext)
FNDA:3,Internal.Microsoft.Extensions.DependencyModel.DependencyContext Internal.Microsoft.Extensions.DependencyModel.DependencyContext::Merge(Internal.Microsoft.Extensions.DependencyModel.DependencyContext)
DA:65,3
DA:67,0
DA:70,3
DA:71,3
DA:72,3
DA:73,3
DA:74,3
DA:75,3
DA:76,3
BRDA:65,1,0,0
BRDA:65,1,1,3
FN:80,Internal.Microsoft.Extensions.DependencyModel.DependencyContext Internal.Microsoft.Extensions.DependencyModel.DependencyContext::LoadDefault()
FNDA:1,Internal.Microsoft.Extensions.DependencyModel.DependencyContext Internal.Microsoft.Extensions.DependencyModel.DependencyContext::LoadDefault()
DA:81,1
DA:82,1
DA:84,0
DA:87,1
BRDA:82,7,0,0
BRDA:82,7,1,1
FN:91,Internal.Microsoft.Extensions.DependencyModel.DependencyContext Internal.Microsoft.Extensions.DependencyModel.DependencyContext::Load(System.Reflection.Assembly)
FNDA:1,Internal.Microsoft.Extensions.DependencyModel.DependencyContext Internal.Microsoft.Extensions.DependencyModel.DependencyContext::Load(System.Reflection.Assembly)
DA:92,1
FN:16,System.Void Internal.Microsoft.Extensions.DependencyModel.DependencyContext::.ctor(Internal.Microsoft.Extensions.DependencyModel.TargetInfo,Internal.Microsoft.Extensions.DependencyModel.CompilationOptions,System.Collections.Generic.IEnumerable`1<Internal.Microsoft.Extensions.DependencyModel.CompilationLibrary>,System.Collections.Generic.IEnumerable`1<Internal.Microsoft.Extensions.DependencyModel.RuntimeLibrary>,System.Collections.Generic.IEnumerable`1<Internal.Microsoft.Extensions.DependencyModel.RuntimeFallbacks>)
FNDA:8,System.Void Internal.Microsoft.Extensions.DependencyModel.DependencyContext::.ctor(Internal.Microsoft.Extensions.DependencyModel.TargetInfo,Internal.Microsoft.Extensions.DependencyModel.CompilationOptions,System.Collections.Generic.IEnumerable`1<Internal.Microsoft.Extensions.DependencyModel.CompilationLibrary>,System.Collections.Generic.IEnumerable`1<Internal.Microsoft.Extensions.DependencyModel.RuntimeLibrary>,System.Collections.Generic.IEnumerable`1<Internal.Microsoft.Extensions.DependencyModel.RuntimeFallbacks>)
DA:17,8
DA:18,8
DA:19,8
DA:20,8
DA:21,8
DA:23,8
DA:25,0
DA:27,8
DA:29,0
DA:31,8
DA:33,0
DA:35,8
DA:37,0
DA:39,8
DA:41,0
DA:44,8
DA:45,8
DA:46,8
DA:47,8
DA:48,8
DA:49,8
BRDA:23,7,0,0
BRDA:23,7,1,8
BRDA:27,21,0,0
BRDA:27,21,1,8
BRDA:31,35,0,0
BRDA:31,35,1,8
BRDA:35,50,0,0
BRDA:35,50,1,8
BRDA:39,65,0,0
BRDA:39,65,1,8
FN:14,System.Void Internal.Microsoft.Extensions.DependencyModel.DependencyContext::.cctor()
FNDA:1,System.Void Internal.Microsoft.Extensions.DependencyModel.DependencyContext::.cctor()
DA:15,1
FN:98,System.Boolean Internal.Microsoft.Extensions.DependencyModel.DependencyContext/LibraryMergeEqualityComparer`1::Equals(T,T)
FNDA:320,System.Boolean Internal.Microsoft.Extensions.DependencyModel.DependencyContext/LibraryMergeEqualityComparer`1::Equals(T,T)
DA:99,320
FN:103,System.Int32 Internal.Microsoft.Extensions.DependencyModel.DependencyContext/LibraryMergeEqualityComparer`1::GetHashCode(T)
FNDA:818,System.Int32 Internal.Microsoft.Extensions.DependencyModel.DependencyContext/LibraryMergeEqualityComparer`1::GetHashCode(T)
DA:104,818
LF:44
LH:37
BRF:14
BRH:7
FNF:13
FNH:13
end_of_record
SF:C:\Dev\xunit\xunit\src\common\Microsoft.Extensions.DependencyModel\DependencyContextExtensions.cs
FN:16,System.Collections.Generic.IEnumerable`1<System.String> Internal.Microsoft.Extensions.DependencyModel.DependencyContextExtensions::GetDefaultNativeAssets(Internal.Microsoft.Extensions.DependencyModel.DependencyContext)
FNDA:0,System.Collections.Generic.IEnumerable`1<System.String> Internal.Microsoft.Extensions.DependencyModel.DependencyContextExtensions::GetDefaultNativeAssets(Internal.Microsoft.Extensions.DependencyModel.DependencyContext)
DA:17,0
DA:19,0
DA:21,0
BRDA:17,19,0,0
BRDA:17,19,1,0
FN:25,System.Collections.Generic.IEnumerable`1<System.String> Internal.Microsoft.Extensions.DependencyModel.DependencyContextExtensions::GetRuntimeNativeAssets(Internal.Microsoft.Extensions.DependencyModel.DependencyContext,System.String)
FNDA:0,System.Collections.Generic.IEnumerable`1<System.String> Internal.Microsoft.Extensions.DependencyModel.DependencyContextExtensions::GetRuntimeNativeAssets(Internal.Microsoft.Extensions.DependencyModel.DependencyContext,System.String)
DA:26,0
DA:28,0
DA:30,0
DA:32,0
DA:34,0
BRDA:26,26,0,0
BRDA:26,26,1,0
BRDA:30,45,0,0
BRDA:30,45,1,0
FN:38,System.Collections.Generic.IEnumerable`1<System.String> Internal.Microsoft.Extensions.DependencyModel.DependencyContextExtensions::GetDefaultNativeAssets(Internal.Microsoft.Extensions.DependencyModel.RuntimeLibrary,Internal.Microsoft.Extensions.DependencyModel.DependencyContext)
FNDA:0,System.Collections.Generic.IEnumerable`1<System.String> Internal.Microsoft.Extensions.DependencyModel.DependencyContextExtensions::GetDefaultNativeAssets(Internal.Microsoft.Extensions.DependencyModel.RuntimeLibrary,Internal.Microsoft.Extensions.DependencyModel.DependencyContext)
DA:39,0
DA:41,0
DA:43,0
BRDA:39,1,0,0
BRDA:39,1,1,0
FN:47,System.Collections.Generic.IEnumerable`1<System.String> Internal.Microsoft.Extensions.DependencyModel.DependencyContextExtensions::GetRuntimeNativeAssets(Internal.Microsoft.Extensions.DependencyModel.RuntimeLibrary,Internal.Microsoft.Extensions.DependencyModel.DependencyContext,System.String)
FNDA:0,System.Collections.Generic.IEnumerable`1<System.String> Internal.Microsoft.Extensions.DependencyModel.DependencyContextExtensions::GetRuntimeNativeAssets(Internal.Microsoft.Extensions.DependencyModel.RuntimeLibrary,Internal.Microsoft.Extensions.DependencyModel.DependencyContext,System.String)
DA:48,0
DA:50,0
DA:52,0
DA:54,0
DA:56,0
DA:58,0
DA:60,0
BRDA:48,1,0,0
BRDA:48,1,1,0
BRDA:52,15,0,0
BRDA:52,15,1,0
BRDA:56,29,0,0
BRDA:56,29,1,0
FN:64,System.Collections.Generic.IEnumerable`1<System.Reflection.AssemblyName> Internal.Microsoft.Extensions.DependencyModel.DependencyContextExtensions::GetDefaultAssemblyNames(Internal.Microsoft.Extensions.DependencyModel.DependencyContext)
FNDA:0,System.Collections.Generic.IEnumerable`1<System.Reflection.AssemblyName> Internal.Microsoft.Extensions.DependencyModel.DependencyContextExtensions::GetDefaultAssemblyNames(Internal.Microsoft.Extensions.DependencyModel.DependencyContext)
DA:65,0
DA:67,0
DA:69,0
BRDA:65,19,0,0
BRDA:65,19,1,0
FN:73,System.Collections.Generic.IEnumerable`1<System.Reflection.AssemblyName> Internal.Microsoft.Extensions.DependencyModel.DependencyContextExtensions::GetRuntimeAssemblyNames(Internal.Microsoft.Extensions.DependencyModel.DependencyContext,System.String)
FNDA:2,System.Collections.Generic.IEnumerable`1<System.Reflection.AssemblyName> Internal.Microsoft.Extensions.DependencyModel.DependencyContextExtensions::GetRuntimeAssemblyNames(Internal.Microsoft.Extensions.DependencyModel.DependencyContext,System.String)
DA:74,2
DA:76,0
DA:78,2
DA:80,0
DA:82,174
BRDA:74,26,0,0
BRDA:74,26,1,2
BRDA:78,45,0,0
BRDA:78,45,1,2
FN:86,System.Collections.Generic.IEnumerable`1<System.Reflection.AssemblyName> Internal.Microsoft.Extensions.DependencyModel.DependencyContextExtensions::GetDefaultAssemblyNames(Internal.Microsoft.Extensions.DependencyModel.RuntimeLibrary,Internal.Microsoft.Extensions.DependencyModel.DependencyContext)
FNDA:0,System.Collections.Generic.IEnumerable`1<System.Reflection.AssemblyName> Internal.Microsoft.Extensions.DependencyModel.DependencyContextExtensions::GetDefaultAssemblyNames(Internal.Microsoft.Extensions.DependencyModel.RuntimeLibrary,Internal.Microsoft.Extensions.DependencyModel.DependencyContext)
DA:87,0
DA:89,0
DA:91,0
DA:93,0
DA:95,0
BRDA:87,1,0,0
BRDA:87,1,1,0
BRDA:91,15,0,0
BRDA:91,15,1,0
FN:99,System.Collections.Generic.IEnumerable`1<System.Reflection.AssemblyName> Internal.Microsoft.Extensions.DependencyModel.DependencyContextExtensions::GetRuntimeAssemblyNames(Internal.Microsoft.Extensions.DependencyModel.RuntimeLibrary,Internal.Microsoft.Extensions.DependencyModel.DependencyContext,System.String)
FNDA:172,System.Collections.Generic.IEnumerable`1<System.Reflection.AssemblyName> Internal.Microsoft.Extensions.DependencyModel.DependencyContextExtensions::GetRuntimeAssemblyNames(Internal.Microsoft.Extensions.DependencyModel.RuntimeLibrary,Internal.Microsoft.Extensions.DependencyModel.DependencyContext,System.String)
DA:100,172
DA:102,0
DA:104,172
DA:106,0
DA:108,172
DA:110,0
DA:112,172
BRDA:100,1,0,0
BRDA:100,1,1,172
BRDA:104,15,0,0
BRDA:104,15,1,172
BRDA:108,29,0,0
BRDA:108,29,1,172
FN:116,System.Reflection.AssemblyName Internal.Microsoft.Extensions.DependencyModel.DependencyContextExtensions::GetAssemblyName(System.String)
FNDA:342,System.Reflection.AssemblyName Internal.Microsoft.Extensions.DependencyModel.DependencyContextExtensions::GetAssemblyName(System.String)
DA:117,342
DA:118,342
DA:120,0
DA:123,342
DA:125,0
DA:128,342
BRDA:118,8,0,0
BRDA:118,8,1,342
BRDA:123,43,0,0
BRDA:123,43,1,342
FN:135,System.Collections.Generic.IEnumerable`1<System.String> Internal.Microsoft.Extensions.DependencyModel.DependencyContextExtensions::ResolveAssets(Internal.Microsoft.Extensions.DependencyModel.DependencyContext,System.String,System.Collections.Generic.IEnumerable`1<Internal.Microsoft.Extensions.DependencyModel.RuntimeAssetGroup>)
FNDA:3440,System.Collections.Generic.IEnumerable`1<System.String> Internal.Microsoft.Extensions.DependencyModel.DependencyContextExtensions::ResolveAssets(Internal.Microsoft.Extensions.DependencyModel.DependencyContext,System.String,System.Collections.Generic.IEnumerable`1<Internal.Microsoft.Extensions.DependencyModel.RuntimeAssetGroup>)
DA:136,3440
DA:137,172
DA:138,172
BRDA:137,53,0,0
BRDA:137,53,1,172
BRDA:137,67,0,0
BRDA:137,67,1,172
FN:142,System.Collections.Generic.IEnumerable`1<System.String> Internal.Microsoft.Extensions.DependencyModel.DependencyContextExtensions::SelectAssets(System.Collections.Generic.IEnumerable`1<System.String>,System.Collections.Generic.IEnumerable`1<Internal.Microsoft.Extensions.DependencyModel.RuntimeAssetGroup>)
FNDA:5160,System.Collections.Generic.IEnumerable`1<System.String> Internal.Microsoft.Extensions.DependencyModel.DependencyContextExtensions::SelectAssets(System.Collections.Generic.IEnumerable`1<System.String>,System.Collections.Generic.IEnumerable`1<Internal.Microsoft.Extensions.DependencyModel.RuntimeAssetGroup>)
DA:143,5160
DA:145,2800
DA:146,2408
DA:148,0
DA:153,172
DA:154,0
BRDA:143,64,1,2408
BRDA:146,47,0,0
BRDA:146,47,1,2580
BRDA:143,64,0,172
LF:53
LH:18
BRF:42
BRH:12
FNF:11
FNH:5
end_of_record
SF:C:\Dev\xunit\xunit\src\common\Microsoft.Extensions.DependencyModel\DependencyContextJsonReader.cs
FN:21,Internal.Microsoft.Extensions.DependencyModel.DependencyContext Internal.Microsoft.Extensions.DependencyModel.DependencyContextJsonReader::Read(System.IO.Stream)
FNDA:5,Internal.Microsoft.Extensions.DependencyModel.DependencyContext Internal.Microsoft.Extensions.DependencyModel.DependencyContextJsonReader::Read(System.IO.Stream)
DA:22,5
DA:24,0
DA:27,5
DA:29,5
DA:31,5
BRDA:22,1,0,0
BRDA:22,1,1,5
FN:34,System.Void Internal.Microsoft.Extensions.DependencyModel.DependencyContextJsonReader::Dispose(System.Boolean)
FNDA:3,System.Void Internal.Microsoft.Extensions.DependencyModel.DependencyContextJsonReader::Dispose(System.Boolean)
DA:35,3
DA:37,3
DA:39,3
BRDA:35,1,0,3
BRDA:35,1,1,3
FN:42,System.Void Internal.Microsoft.Extensions.DependencyModel.DependencyContextJsonReader::Dispose()
FNDA:3,System.Void Internal.Microsoft.Extensions.DependencyModel.DependencyContextJsonReader::Dispose()
DA:43,3
DA:44,3
FN:55,Internal.Microsoft.Extensions.DependencyModel.DependencyContext Internal.Microsoft.Extensions.DependencyModel.DependencyContextJsonReader::Read(System.IO.TextReader)
FNDA:5,Internal.Microsoft.Extensions.DependencyModel.DependencyContext Internal.Microsoft.Extensions.DependencyModel.DependencyContextJsonReader::Read(System.IO.TextReader)
DA:56,5
DA:57,5
DA:58,0
DA:60,5
DA:61,5
DA:62,5
DA:64,5
DA:65,5
DA:66,5
DA:67,5
DA:68,5
DA:70,5
DA:71,0
DA:73,5
DA:74,5
DA:76,5
DA:78,5
DA:79,5
DA:81,1
DA:82,1
DA:83,1
DA:84,1
DA:87,4
DA:91,5
DA:93,10
DA:94,5
DA:96,5
DA:97,5
DA:99,0
DA:100,0
DA:104,5
DA:105,0
DA:107,5
DA:108,5
DA:109,5
DA:110,5
DA:111,5
DA:112,5
BRDA:57,13,0,0
BRDA:57,13,1,5
BRDA:70,130,0,0
BRDA:70,130,1,5
BRDA:74,153,0,0
BRDA:74,153,1,5
BRDA:76,169,0,5
BRDA:79,185,0,1
BRDA:79,196,0,1
BRDA:79,185,1,4
BRDA:79,196,1,4
BRDA:76,169,1,5
BRDA:94,254,0,5
BRDA:97,262,0,0
BRDA:94,254,1,5
BRDA:97,262,1,5
BRDA:104,278,0,0
BRDA:104,278,1,5
BRDA:107,306,0,0
BRDA:107,306,1,5
BRDA:107,369,0,0
BRDA:107,369,1,5
FN:118,Internal.Microsoft.Extensions.DependencyModel.DependencyContextJsonReader/Target Internal.Microsoft.Extensions.DependencyModel.DependencyContextJsonReader::SelectRuntimeTarget(System.Collections.Generic.List`1<Internal.Microsoft.Extensions.DependencyModel.DependencyContextJsonReader/Target>,System.String)
FNDA:5,Internal.Microsoft.Extensions.DependencyModel.DependencyContextJsonReader/Target Internal.Microsoft.Extensions.DependencyModel.DependencyContextJsonReader::SelectRuntimeTarget(System.Collections.Generic.List`1<Internal.Microsoft.Extensions.DependencyModel.DependencyContextJsonReader/Target>,System.String)
DA:119,5
DA:120,0
DA:122,5
DA:124,11
DA:125,5
DA:126,0
DA:130,0
DA:133,5
BRDA:119,14,0,5
BRDA:119,14,1,0
BRDA:119,22,0,0
BRDA:119,22,1,5
BRDA:122,46,0,5
BRDA:125,68,0,0
BRDA:122,46,1,0
BRDA:125,68,1,5
FN:136,System.Boolean Internal.Microsoft.Extensions.DependencyModel.DependencyContextJsonReader::IsRuntimeTarget(System.String)
FNDA:5,System.Boolean Internal.Microsoft.Extensions.DependencyModel.DependencyContextJsonReader::IsRuntimeTarget(System.String)
DA:137,5
FN:145,System.Void Internal.Microsoft.Extensions.DependencyModel.DependencyContextJsonReader::ReadRuntimeTarget(Xunit.JsonObject,System.String&,System.String&)
FNDA:5,System.Void Internal.Microsoft.Extensions.DependencyModel.DependencyContextJsonReader::ReadRuntimeTarget(Xunit.JsonObject,System.String&,System.String&)
DA:146,5
DA:147,5
DA:148,5
BRDA:146,2,0,0
BRDA:146,2,1,5
BRDA:147,26,0,0
BRDA:147,26,1,5
FN:166,Internal.Microsoft.Extensions.DependencyModel.CompilationOptions Internal.Microsoft.Extensions.DependencyModel.DependencyContextJsonReader::ReadCompilationOptions(Xunit.JsonObject)
FNDA:5,Internal.Microsoft.Extensions.DependencyModel.CompilationOptions Internal.Microsoft.Extensions.DependencyModel.DependencyContextJsonReader::ReadCompilationOptions(Xunit.JsonObject)
DA:167,5
DA:168,0
DA:170,5
DA:171,5
DA:172,5
DA:173,5
DA:174,5
DA:175,5
DA:176,5
DA:177,5
DA:178,5
DA:179,5
DA:180,5
DA:181,5
DA:183,5
BRDA:167,1,0,0
BRDA:167,1,1,5
BRDA:170,17,0,5
BRDA:170,17,1,5
FN:189,System.Collections.Generic.List`1<Internal.Microsoft.Extensions.DependencyModel.DependencyContextJsonReader/Target> Internal.Microsoft.Extensions.DependencyModel.DependencyContextJsonReader::ReadTargets(Xunit.JsonObject)
FNDA:5,System.Collections.Generic.List`1<Internal.Microsoft.Extensions.DependencyModel.DependencyContextJsonReader/Target> Internal.Microsoft.Extensions.DependencyModel.DependencyContextJsonReader::ReadTargets(Xunit.JsonObject)
DA:190,5
DA:192,5
DA:193,22
DA:194,6
DA:196,5
BRDA:192,7,0,5
BRDA:193,56,1,6
BRDA:193,56,0,5
BRDA:192,7,1,5
FN:202,Internal.Microsoft.Extensions.DependencyModel.DependencyContextJsonReader/Target Internal.Microsoft.Extensions.DependencyModel.DependencyContextJsonReader::ReadTarget(System.String,Xunit.JsonObject)
FNDA:6,Internal.Microsoft.Extensions.DependencyModel.DependencyContextJsonReader/Target Internal.Microsoft.Extensions.DependencyModel.DependencyContextJsonReader::ReadTarget(System.String,Xunit.JsonObject)
DA:203,6
DA:205,664
DA:206,326
DA:208,6
BRDA:205,53,1,326
BRDA:205,53,0,6
FN:222,Internal.Microsoft.Extensions.DependencyModel.DependencyContextJsonReader/TargetLibrary Internal.Microsoft.Extensions.DependencyModel.DependencyContextJsonReader::ReadTargetLibrary(System.String,Xunit.JsonObject)
FNDA:326,Internal.Microsoft.Extensions.DependencyModel.DependencyContextJsonReader/TargetLibrary Internal.Microsoft.Extensions.DependencyModel.DependencyContextJsonReader::ReadTargetLibrary(System.String,Xunit.JsonObject)
DA:223,326
DA:224,326
DA:225,326
DA:226,326
DA:227,326
DA:228,326
DA:229,326
DA:231,326
DA:232,326
DA:233,326
DA:234,326
DA:235,326
DA:236,326
DA:237,326
DA:238,326
DA:239,326
DA:240,326
DA:241,326
BRDA:224,30,0,273
BRDA:224,30,1,53
BRDA:225,54,0,324
BRDA:225,54,1,2
BRDA:226,78,0,326
BRDA:226,78,1,0
BRDA:231,161,0,0
BRDA:231,161,1,326
BRDA:231,177,0,273
BRDA:231,177,1,53
BRDA:231,196,0,324
BRDA:231,196,1,2
BRDA:231,215,0,326
BRDA:231,215,1,0
FN:247,System.Collections.Generic.IEnumerable`1<Internal.Microsoft.Extensions.DependencyModel.Dependency> Internal.Microsoft.Extensions.DependencyModel.DependencyContextJsonReader::ReadTargetLibraryDependencies(Xunit.JsonObject)
FNDA:326,System.Collections.Generic.IEnumerable`1<Internal.Microsoft.Extensions.DependencyModel.Dependency> Internal.Microsoft.Extensions.DependencyModel.DependencyContextJsonReader::ReadTargetLibraryDependencies(Xunit.JsonObject)
DA:248,326
DA:250,326
DA:251,4074
DA:252,1742
DA:254,326
BRDA:250,7,0,295
BRDA:251,72,1,1742
BRDA:251,72,0,295
BRDA:250,7,1,326
FN:260,System.Collections.Generic.List`1<Internal.Microsoft.Extensions.DependencyModel.DependencyContextJsonReader/RuntimeTargetEntryStub> Internal.Microsoft.Extensions.DependencyModel.DependencyContextJsonReader::ReadTargetLibraryRuntimeTargets(Xunit.JsonObject)
FNDA:326,System.Collections.Generic.List`1<Internal.Microsoft.Extensions.DependencyModel.DependencyContextJsonReader/RuntimeTargetEntryStub> Internal.Microsoft.Extensions.DependencyModel.DependencyContextJsonReader::ReadTargetLibraryRuntimeTargets(Xunit.JsonObject)
DA:261,326
DA:263,326
DA:265,0
DA:267,0
DA:269,0
DA:270,0
DA:271,0
DA:272,0
DA:273,0
DA:274,0
DA:278,326
BRDA:263,7,0,0
BRDA:265,141,1,0
BRDA:269,62,0,0
BRDA:269,62,1,0
BRDA:269,97,0,0
BRDA:269,97,1,0
BRDA:265,141,0,0
BRDA:263,7,1,326
FN:284,System.Collections.Generic.List`1<Internal.Microsoft.Extensions.DependencyModel.ResourceAssembly> Internal.Microsoft.Extensions.DependencyModel.DependencyContextJsonReader::ReadTargetLibraryResources(Xunit.JsonObject)
FNDA:326,System.Collections.Generic.List`1<Internal.Microsoft.Extensions.DependencyModel.ResourceAssembly> Internal.Microsoft.Extensions.DependencyModel.DependencyContextJsonReader::ReadTargetLibraryResources(Xunit.JsonObject)
DA:285,326
DA:287,326
DA:289,536
DA:291,260
DA:293,260
DA:294,260
DA:298,326
BRDA:287,7,0,8
BRDA:289,88,1,260
BRDA:291,38,0,0
BRDA:291,38,1,260
BRDA:293,61,0,260
BRDA:293,61,1,268
BRDA:289,88,0,8
BRDA:287,7,1,326
FN:304,System.Collections.Generic.Dictionary`2<System.String,Internal.Microsoft.Extensions.DependencyModel.DependencyContextJsonReader/LibraryStub> Internal.Microsoft.Extensions.DependencyModel.DependencyContextJsonReader::ReadLibraries(Xunit.JsonObject)
FNDA:5,System.Collections.Generic.Dictionary`2<System.String,Internal.Microsoft.Extensions.DependencyModel.DependencyContextJsonReader/LibraryStub> Internal.Microsoft.Extensions.DependencyModel.DependencyContextJsonReader::ReadLibraries(Xunit.JsonObject)
DA:305,5
DA:307,5
DA:308,662
DA:309,326
DA:311,5
BRDA:307,7,0,5
BRDA:308,62,1,326
BRDA:308,62,0,5
BRDA:307,7,1,5
FN:324,Internal.Microsoft.Extensions.DependencyModel.DependencyContextJsonReader/LibraryStub Internal.Microsoft.Extensions.DependencyModel.DependencyContextJsonReader::ReadLibrary(Xunit.JsonObject)
FNDA:326,Internal.Microsoft.Extensions.DependencyModel.DependencyContextJsonReader/LibraryStub Internal.Microsoft.Extensions.DependencyModel.DependencyContextJsonReader::ReadLibrary(Xunit.JsonObject)
DA:325,326
DA:326,326
DA:327,326
DA:328,326
DA:329,326
DA:330,326
DA:332,326
DA:333,326
DA:334,326
DA:335,326
DA:336,326
DA:337,326
DA:338,326
DA:339,326
DA:340,326
FN:346,System.Collections.Generic.List`1<Internal.Microsoft.Extensions.DependencyModel.RuntimeFallbacks> Internal.Microsoft.Extensions.DependencyModel.DependencyContextJsonReader::ReadRuntimes(Xunit.JsonObject)
FNDA:5,System.Collections.Generic.List`1<Internal.Microsoft.Extensions.DependencyModel.RuntimeFallbacks> Internal.Microsoft.Extensions.DependencyModel.DependencyContextJsonReader::ReadRuntimes(Xunit.JsonObject)
DA:347,5
DA:349,5
DA:350,42
DA:351,20
DA:353,5
BRDA:349,7,0,1
BRDA:350,64,1,20
BRDA:351,40,0,0
BRDA:351,40,1,20
BRDA:350,64,0,1
BRDA:349,7,1,5
FN:357,System.Collections.Generic.IEnumerable`1<Internal.Microsoft.Extensions.DependencyModel.Library> Internal.Microsoft.Extensions.DependencyModel.DependencyContextJsonReader::CreateLibraries(System.Collections.Generic.IEnumerable`1<Internal.Microsoft.Extensions.DependencyModel.DependencyContextJsonReader/TargetLibrary>,System.Boolean,System.Collections.Generic.Dictionary`2<System.String,Internal.Microsoft.Extensions.DependencyModel.DependencyContextJsonReader/LibraryStub>)
FNDA:10,System.Collections.Generic.IEnumerable`1<Internal.Microsoft.Extensions.DependencyModel.Library> Internal.Microsoft.Extensions.DependencyModel.DependencyContextJsonReader::CreateLibraries(System.Collections.Generic.IEnumerable`1<Internal.Microsoft.Extensions.DependencyModel.DependencyContextJsonReader/TargetLibrary>,System.Boolean,System.Collections.Generic.Dictionary`2<System.String,Internal.Microsoft.Extensions.DependencyModel.DependencyContextJsonReader/LibraryStub>)
DA:358,10
DA:359,0
DA:361,656
DA:362,656
BRDA:358,28,0,0
BRDA:358,28,1,10
BRDA:361,60,0,1
BRDA:361,60,1,10
FN:366,Internal.Microsoft.Extensions.DependencyModel.Library Internal.Microsoft.Extensions.DependencyModel.DependencyContextJsonReader::CreateLibrary(Internal.Microsoft.Extensions.DependencyModel.DependencyContextJsonReader/TargetLibrary,System.Boolean,System.Collections.Generic.Dictionary`2<System.String,Internal.Microsoft.Extensions.DependencyModel.DependencyContextJsonReader/LibraryStub>)
FNDA:646,Internal.Microsoft.Extensions.DependencyModel.Library Internal.Microsoft.Extensions.DependencyModel.DependencyContextJsonReader::CreateLibrary(Internal.Microsoft.Extensions.DependencyModel.DependencyContextJsonReader/TargetLibrary,System.Boolean,System.Collections.Generic.Dictionary`2<System.String,Internal.Microsoft.Extensions.DependencyModel.DependencyContextJsonReader/LibraryStub>)
DA:367,646
DA:370,646
DA:372,0
DA:375,646
DA:377,646
DA:378,646
DA:380,646
DA:383,326
DA:384,326
DA:386,0
DA:389,326
DA:390,326
DA:391,326
DA:393,652
DA:395,0
DA:396,0
DA:397,0
DA:398,0
DA:400,0
DA:402,0
DA:403,0
DA:404,0
DA:407,0
DA:408,0
DA:409,0
DA:410,0
DA:412,0
DA:414,0
DA:415,0
DA:416,0
DA:421,326
DA:423,53
DA:426,326
DA:428,2
DA:431,326
DA:432,326
DA:433,326
DA:434,326
DA:435,326
DA:436,326
DA:437,326
DA:438,326
DA:439,326
DA:440,326
DA:441,326
DA:442,326
DA:443,326
DA:447,320
DA:448,320
DA:449,320
DA:450,320
DA:451,320
DA:452,320
DA:453,320
DA:454,320
DA:455,320
DA:456,320
DA:457,320
BRDA:370,8,0,646
BRDA:370,8,1,0
BRDA:370,19,0,0
BRDA:370,19,1,646
BRDA:380,80,0,326
BRDA:384,105,0,326
BRDA:384,105,1,0
BRDA:384,117,0,0
BRDA:384,117,1,326
BRDA:391,141,0,326
BRDA:393,158,0,1
BRDA:393,158,1,326
BRDA:393,510,1,0
BRDA:395,217,0,0
BRDA:395,217,1,0
BRDA:395,253,0,0
BRDA:395,253,1,0
BRDA:400,297,0,0
BRDA:402,316,0,0
BRDA:402,316,1,0
BRDA:400,297,1,0
BRDA:407,364,0,0
BRDA:407,364,1,0
BRDA:407,400,0,0
BRDA:407,400,1,0
BRDA:412,444,0,0
BRDA:414,463,0,0
BRDA:414,463,1,0
BRDA:412,444,1,326
BRDA:393,510,0,326
BRDA:391,141,1,326
BRDA:421,535,0,53
BRDA:421,549,0,53
BRDA:421,535,1,326
BRDA:421,549,1,326
BRDA:426,580,0,2
BRDA:426,594,0,2
BRDA:426,580,1,326
BRDA:426,594,1,326
BRDA:431,649,0,0
BRDA:431,649,1,326
BRDA:380,80,1,320
BRDA:447,699,0,320
BRDA:447,699,1,0
FN:462,System.String Internal.Microsoft.Extensions.DependencyModel.DependencyContextJsonReader::Pool(System.String)
FNDA:5688,System.String Internal.Microsoft.Extensions.DependencyModel.DependencyContextJsonReader::Pool(System.String)
DA:463,5688
DA:465,0
DA:469,5688
DA:471,790
DA:472,790
DA:474,5688
BRDA:463,1,0,0
BRDA:463,1,1,5688
BRDA:469,19,0,790
BRDA:469,19,1,5688
FN:17,System.Void Internal.Microsoft.Extensions.DependencyModel.DependencyContextJsonReader::.ctor()
FNDA:4,System.Void Internal.Microsoft.Extensions.DependencyModel.DependencyContextJsonReader::.ctor()
DA:18,4
FN:15,System.Void Internal.Microsoft.Extensions.DependencyModel.DependencyContextJsonReader::.cctor()
FNDA:1,System.Void Internal.Microsoft.Extensions.DependencyModel.DependencyContextJsonReader::.cctor()
DA:16,1
LF:220
LH:182
BRF:144
BRH:93
FNF:22
FNH:22
end_of_record
SF:C:\Dev\xunit\xunit\src\common\Microsoft.Extensions.DependencyModel\DependencyContextLoader.cs
FN:42,Internal.Microsoft.Extensions.DependencyModel.DependencyContextLoader Internal.Microsoft.Extensions.DependencyModel.DependencyContextLoader::get_Default()
FNDA:2,Internal.Microsoft.Extensions.DependencyModel.DependencyContextLoader Internal.Microsoft.Extensions.DependencyModel.DependencyContextLoader::get_Default()
DA:43,2
FN:46,System.Boolean Internal.Microsoft.Extensions.DependencyModel.DependencyContextLoader::IsEntryAssembly(System.Reflection.Assembly)
FNDA:1,System.Boolean Internal.Microsoft.Extensions.DependencyModel.DependencyContextLoader::IsEntryAssembly(System.Reflection.Assembly)
DA:47,1
FN:51,System.IO.Stream Internal.Microsoft.Extensions.DependencyModel.DependencyContextLoader::GetResourceStream(System.Reflection.Assembly,System.String)
FNDA:0,System.IO.Stream Internal.Microsoft.Extensions.DependencyModel.DependencyContextLoader::GetResourceStream(System.Reflection.Assembly,System.String)
DA:52,0
FN:56,Internal.Microsoft.Extensions.DependencyModel.DependencyContext Internal.Microsoft.Extensions.DependencyModel.DependencyContextLoader::Load(System.Reflection.Assembly)
FNDA:1,Internal.Microsoft.Extensions.DependencyModel.DependencyContext Internal.Microsoft.Extensions.DependencyModel.DependencyContextLoader::Load(System.Reflection.Assembly)
DA:57,1
DA:59,0
DA:62,1
DA:63,1
DA:65,1
DA:67,1
DA:70,1
DA:72,0
DA:75,1
DA:77,4
DA:79,1
DA:80,1
DA:82,1
DA:86,0
DA:87,1
BRDA:57,1,0,0
BRDA:57,1,1,1
BRDA:65,34,0,1
BRDA:65,34,1,1
BRDA:70,45,0,0
BRDA:70,45,1,1
BRDA:75,57,0,1
BRDA:77,109,1,1
BRDA:80,92,0,1
BRDA:80,92,1,2
BRDA:77,109,0,1
BRDA:75,57,1,0
FN:91,Internal.Microsoft.Extensions.DependencyModel.DependencyContext Internal.Microsoft.Extensions.DependencyModel.DependencyContextLoader::LoadEntryAssemblyContext(Internal.Microsoft.Extensions.DependencyModel.IDependencyContextReader)
FNDA:1,Internal.Microsoft.Extensions.DependencyModel.DependencyContext Internal.Microsoft.Extensions.DependencyModel.DependencyContextLoader::LoadEntryAssemblyContext(Internal.Microsoft.Extensions.DependencyModel.IDependencyContextReader)
DA:92,1
FN:96,Internal.Microsoft.Extensions.DependencyModel.DependencyContext Internal.Microsoft.Extensions.DependencyModel.DependencyContextLoader::LoadContext(Internal.Microsoft.Extensions.DependencyModel.IDependencyContextReader,System.String)
FNDA:2,Internal.Microsoft.Extensions.DependencyModel.DependencyContext Internal.Microsoft.Extensions.DependencyModel.DependencyContextLoader::LoadContext(Internal.Microsoft.Extensions.DependencyModel.IDependencyContextReader,System.String)
DA:97,2
DA:100,2
DA:102,2
DA:105,0
DA:106,2
BRDA:97,6,0,2
BRDA:97,6,1,0
FN:109,Internal.Microsoft.Extensions.DependencyModel.DependencyContext Internal.Microsoft.Extensions.DependencyModel.DependencyContextLoader::LoadAssemblyContext(System.Reflection.Assembly,Internal.Microsoft.Extensions.DependencyModel.IDependencyContextReader)
FNDA:0,Internal.Microsoft.Extensions.DependencyModel.DependencyContext Internal.Microsoft.Extensions.DependencyModel.DependencyContextLoader::LoadAssemblyContext(System.Reflection.Assembly,Internal.Microsoft.Extensions.DependencyModel.IDependencyContextReader)
DA:110,0
DA:112,0
DA:114,0
DA:116,0
DA:118,0
DA:119,0
DA:121,0
DA:123,0
DA:127,0
DA:128,0
BRDA:112,29,0,0
BRDA:112,29,1,0
BRDA:119,87,0,0
BRDA:119,87,1,0
FN:22,System.Void Internal.Microsoft.Extensions.DependencyModel.DependencyContextLoader::.ctor()
FNDA:1,System.Void Internal.Microsoft.Extensions.DependencyModel.DependencyContextLoader::.ctor()
DA:23,1
DA:24,1
DA:25,1
DA:26,1
DA:27,2
DA:29,1
BRDA:23,32,0,1
BRDA:23,32,1,1
FN:30,System.Void Internal.Microsoft.Extensions.DependencyModel.DependencyContextLoader::.ctor(System.String,System.Collections.Generic.IEnumerable`1<System.String>,Internal.Microsoft.Extensions.DependencyModel.IFileSystem,System.Func`1<Internal.Microsoft.Extensions.DependencyModel.IDependencyContextReader>)
FNDA:1,System.Void Internal.Microsoft.Extensions.DependencyModel.DependencyContextLoader::.ctor(System.String,System.Collections.Generic.IEnumerable`1<System.String>,Internal.Microsoft.Extensions.DependencyModel.IFileSystem,System.Func`1<Internal.Microsoft.Extensions.DependencyModel.IDependencyContextReader>)
DA:31,1
DA:32,1
DA:33,1
DA:34,1
DA:35,1
DA:37,1
DA:38,1
DA:39,1
DA:40,1
DA:41,1
LF:50
LH:35
BRF:20
BRH:12
FNF:9
FNH:7
end_of_record
SF:C:\Dev\xunit\xunit\src\common\Microsoft.Extensions.DependencyModel\DependencyContextPaths.cs
FN:16,Internal.Microsoft.Extensions.DependencyModel.DependencyContextPaths Internal.Microsoft.Extensions.DependencyModel.DependencyContextPaths::get_Current()
FNDA:3,Internal.Microsoft.Extensions.DependencyModel.DependencyContextPaths Internal.Microsoft.Extensions.DependencyModel.DependencyContextPaths::get_Current()
DA:17,3
FN:18,System.String Internal.Microsoft.Extensions.DependencyModel.DependencyContextPaths::get_Application()
FNDA:1,System.String Internal.Microsoft.Extensions.DependencyModel.DependencyContextPaths::get_Application()
DA:19,1
FN:20,System.String Internal.Microsoft.Extensions.DependencyModel.DependencyContextPaths::get_SharedRuntime()
FNDA:0,System.String Internal.Microsoft.Extensions.DependencyModel.DependencyContextPaths::get_SharedRuntime()
DA:21,0
FN:22,System.Collections.Generic.IEnumerable`1<System.String> Internal.Microsoft.Extensions.DependencyModel.DependencyContextPaths::get_NonApplicationPaths()
FNDA:1,System.Collections.Generic.IEnumerable`1<System.String> Internal.Microsoft.Extensions.DependencyModel.DependencyContextPaths::get_NonApplicationPaths()
DA:23,1
FN:37,Internal.Microsoft.Extensions.DependencyModel.DependencyContextPaths Internal.Microsoft.Extensions.DependencyModel.DependencyContextPaths::GetCurrent()
FNDA:1,Internal.Microsoft.Extensions.DependencyModel.DependencyContextPaths Internal.Microsoft.Extensions.DependencyModel.DependencyContextPaths::GetCurrent()
DA:38,1
DA:39,1
DA:44,1
FN:48,Internal.Microsoft.Extensions.DependencyModel.DependencyContextPaths Internal.Microsoft.Extensions.DependencyModel.DependencyContextPaths::Create(System.String,System.String)
FNDA:1,Internal.Microsoft.Extensions.DependencyModel.DependencyContextPaths Internal.Microsoft.Extensions.DependencyModel.DependencyContextPaths::Create(System.String,System.String)
DA:49,1
DA:50,1
DA:52,1
DA:53,1
DA:54,1
DA:56,1
DA:57,1
DA:58,1
DA:59,1
BRDA:49,1,0,0
BRDA:49,1,1,1
BRDA:50,26,0,1
BRDA:50,26,1,0
BRDA:50,30,0,0
BRDA:50,30,1,1
BRDA:52,39,0,0
BRDA:52,39,1,1
FN:24,System.Void Internal.Microsoft.Extensions.DependencyModel.DependencyContextPaths::.ctor(System.String,System.String,System.Collections.Generic.IEnumerable`1<System.String>)
FNDA:1,System.Void Internal.Microsoft.Extensions.DependencyModel.DependencyContextPaths::.ctor(System.String,System.String,System.Collections.Generic.IEnumerable`1<System.String>)
DA:25,1
DA:26,1
DA:27,1
DA:28,1
DA:30,1
DA:31,1
DA:32,1
DA:33,1
BRDA:32,23,0,0
BRDA:32,23,1,1
FN:13,System.Void Internal.Microsoft.Extensions.DependencyModel.DependencyContextPaths::.cctor()
FNDA:1,System.Void Internal.Microsoft.Extensions.DependencyModel.DependencyContextPaths::.cctor()
DA:14,1
DA:15,1
LF:26
LH:25
BRF:10
BRH:5
FNF:8
FNH:7
end_of_record
SF:C:\Dev\xunit\xunit\src\common\Microsoft.Extensions.DependencyModel\DirectoryWrapper.cs
FN:13,System.Boolean Internal.Microsoft.Extensions.DependencyModel.DirectoryWrapper::Exists(System.String)
FNDA:0,System.Boolean Internal.Microsoft.Extensions.DependencyModel.DirectoryWrapper::Exists(System.String)
DA:14,0
LF:1
LH:0
BRF:0
BRH:0
FNF:1
FNH:0
end_of_record
SF:C:\Dev\xunit\xunit\src\common\Microsoft.Extensions.DependencyModel\EnvironmentWrapper.cs
FN:15,System.String Internal.Microsoft.Extensions.DependencyModel.EnvironmentWrapper::GetEnvironmentVariable(System.String)
FNDA:0,System.String Internal.Microsoft.Extensions.DependencyModel.EnvironmentWrapper::GetEnvironmentVariable(System.String)
DA:16,0
FN:11,System.Void Internal.Microsoft.Extensions.DependencyModel.EnvironmentWrapper::.cctor()
FNDA:0,System.Void Internal.Microsoft.Extensions.DependencyModel.EnvironmentWrapper::.cctor()
DA:12,0
LF:2
LH:0
BRF:0
BRH:0
FNF:2
FNH:0
end_of_record
SF:C:\Dev\xunit\xunit\src\common\Microsoft.Extensions.DependencyModel\FileSystemWrapper.cs
FN:9,Internal.Microsoft.Extensions.DependencyModel.IFileSystem Internal.Microsoft.Extensions.DependencyModel.FileSystemWrapper::get_Default()
FNDA:2,Internal.Microsoft.Extensions.DependencyModel.IFileSystem Internal.Microsoft.Extensions.DependencyModel.FileSystemWrapper::get_Default()
DA:10,2
FN:11,Internal.Microsoft.Extensions.DependencyModel.IFile Internal.Microsoft.Extensions.DependencyModel.FileSystemWrapper::get_File()
FNDA:3,Internal.Microsoft.Extensions.DependencyModel.IFile Internal.Microsoft.Extensions.DependencyModel.FileSystemWrapper::get_File()
DA:12,3
FN:13,Internal.Microsoft.Extensions.DependencyModel.IDirectory Internal.Microsoft.Extensions.DependencyModel.FileSystemWrapper::get_Directory()
FNDA:1,Internal.Microsoft.Extensions.DependencyModel.IDirectory Internal.Microsoft.Extensions.DependencyModel.FileSystemWrapper::get_Directory()
DA:14,1
LF:3
LH:3
BRF:0
BRH:0
FNF:3
FNH:3
end_of_record
SF:C:\Dev\xunit\xunit\src\common\Microsoft.Extensions.DependencyModel\FileWrapper.cs
FN:14,System.Boolean Internal.Microsoft.Extensions.DependencyModel.FileWrapper::Exists(System.String)
FNDA:0,System.Boolean Internal.Microsoft.Extensions.DependencyModel.FileWrapper::Exists(System.String)
DA:15,0
FN:19,System.String Internal.Microsoft.Extensions.DependencyModel.FileWrapper::ReadAllText(System.String)
[...]
FNDA:4742,System.Void Monkey.Core.Lexer::ReadChar()
DA:225,4742
DA:226,4742
DA:227,4742
DA:228,4742
DA:229,4742
DA:230,4742
DA:231,4742
BRDA:226,19,0,4191
BRDA:226,19,1,551
FN:233,System.String Monkey.Core.Lexer::ReadIdentifier()
FNDA:333,System.String Monkey.Core.Lexer::ReadIdentifier()
DA:234,333
DA:235,333
DA:236,1333
DA:237,1000
DA:238,1000
DA:239,1000
DA:240,333
DA:241,333
BRDA:236,33,1,1000
BRDA:236,33,0,333
FN:243,System.String Monkey.Core.Lexer::ReadNumber()
FNDA:352,System.String Monkey.Core.Lexer::ReadNumber()
DA:244,352
DA:245,352
DA:246,760
DA:247,408
DA:248,408
DA:249,408
DA:250,352
DA:251,352
BRDA:246,33,1,408
BRDA:246,33,0,352
FN:253,System.Boolean Monkey.Core.Lexer::IsLetter(System.Char)
FNDA:2018,System.Boolean Monkey.Core.Lexer::IsLetter(System.Char)
DA:254,2018
DA:255,2018
DA:256,2018
BRDA:255,4,0,1319
BRDA:255,4,1,699
BRDA:255,9,0,699
BRDA:255,14,0,28
BRDA:255,14,1,685
BRDA:255,19,0,685
BRDA:255,9,1,1333
BRDA:255,19,1,1333
FN:258,System.Void Monkey.Core.Lexer::SkipWhitespace()
FNDA:1913,System.Void Monkey.Core.Lexer::SkipWhitespace()
DA:259,1913
DA:260,3625
DA:261,1712
DA:262,1712
DA:263,1712
DA:264,1913
BRDA:260,57,1,1712
BRDA:260,20,0,2000
BRDA:260,30,0,1998
BRDA:260,40,0,1934
BRDA:260,20,1,1691
BRDA:260,30,1,1691
BRDA:260,40,1,1691
BRDA:260,57,0,1913
FN:266,System.Boolean Monkey.Core.Lexer::IsDigit(System.Char)
FNDA:1112,System.Boolean Monkey.Core.Lexer::IsDigit(System.Char)
DA:267,1112
DA:268,1112
DA:269,1112
BRDA:268,4,0,853
BRDA:268,4,1,259
FN:271,System.String Monkey.Core.Lexer::ReadString()
FNDA:35,System.String Monkey.Core.Lexer::ReadString()
DA:272,35
DA:273,35
DA:279,184
DA:280,184
DA:281,184
DA:282,184
DA:283,35
DA:284,35
BRDA:282,34,1,184
BRDA:282,34,0,35
FN:78,System.Void Monkey.Core.Lexer::.ctor(System.String)
FNDA:184,System.Void Monkey.Core.Lexer::.ctor(System.String)
DA:79,184
DA:80,184
DA:81,184
DA:82,184
DA:83,184
DA:84,184
DA:85,184
DA:86,184
DA:87,184
DA:88,184
DA:90,184
DA:91,184
DA:92,184
DA:93,184
DA:94,184
LF:152
LH:145
BRF:74
BRH:72
FNF:15
FNH:14
end_of_record
SF:/Users/sgoguen/projects/github.com/sgoguen/MonkeyLang/Monkey.Core/Object.cs
FN:57,Monkey.Core.ObjectType Monkey.Core.HashKey::get_Type()
FNDA:44,Monkey.Core.ObjectType Monkey.Core.HashKey::get_Type()
DA:58,44
FN:62,System.UInt64 Monkey.Core.HashKey::get_Value()
FNDA:44,System.UInt64 Monkey.Core.HashKey::get_Value()
DA:63,44
FN:67,Monkey.Core.ObjectType Monkey.Core.MonkeyInteger::get_Type()
FNDA:498,Monkey.Core.ObjectType Monkey.Core.MonkeyInteger::get_Type()
DA:68,498
FN:68,System.Int64 Monkey.Core.MonkeyInteger::get_Value()
FNDA:544,System.Int64 Monkey.Core.MonkeyInteger::get_Value()
DA:69,544
FN:69,System.String Monkey.Core.MonkeyInteger::Inspect()
FNDA:0,System.String Monkey.Core.MonkeyInteger::Inspect()
DA:70,0
FN:72,Monkey.Core.HashKey Monkey.Core.MonkeyInteger::HashKey()
FNDA:10,Monkey.Core.HashKey Monkey.Core.MonkeyInteger::HashKey()
DA:73,10
DA:74,10
DA:75,10
FN:79,Monkey.Core.ObjectType Monkey.Core.MonkeyBoolean::get_Type()
FNDA:120,Monkey.Core.ObjectType Monkey.Core.MonkeyBoolean::get_Type()
DA:80,120
FN:80,System.Boolean Monkey.Core.MonkeyBoolean::get_Value()
FNDA:45,System.Boolean Monkey.Core.MonkeyBoolean::get_Value()
DA:81,45
FN:81,System.String Monkey.Core.MonkeyBoolean::Inspect()
FNDA:0,System.String Monkey.Core.MonkeyBoolean::Inspect()
DA:82,0
FN:84,Monkey.Core.HashKey Monkey.Core.MonkeyBoolean::HashKey()
FNDA:14,Monkey.Core.HashKey Monkey.Core.MonkeyBoolean::HashKey()
DA:85,14
DA:86,14
DA:87,14
DA:88,14
BRDA:86,7,0,7
BRDA:86,7,1,7
FN:94,Monkey.Core.ObjectType Monkey.Core.MonkeyNull::get_Type()
FNDA:0,Monkey.Core.ObjectType Monkey.Core.MonkeyNull::get_Type()
DA:95,0
FN:95,System.String Monkey.Core.MonkeyNull::Inspect()
FNDA:0,System.String Monkey.Core.MonkeyNull::Inspect()
DA:96,0
FN:101,Monkey.Core.ObjectType Monkey.Core.MonkeyReturnValue::get_Type()
FNDA:8,Monkey.Core.ObjectType Monkey.Core.MonkeyReturnValue::get_Type()
DA:102,8
FN:102,Monkey.Core.IMonkeyObject Monkey.Core.MonkeyReturnValue::get_Value()
FNDA:20,Monkey.Core.IMonkeyObject Monkey.Core.MonkeyReturnValue::get_Value()
DA:103,20
FN:103,System.String Monkey.Core.MonkeyReturnValue::Inspect()
FNDA:0,System.String Monkey.Core.MonkeyReturnValue::Inspect()
DA:104,0
FN:111,Monkey.Core.ObjectType Monkey.Core.MonkeyError::get_Type()
FNDA:4,Monkey.Core.ObjectType Monkey.Core.MonkeyError::get_Type()
DA:112,4
FN:113,System.String Monkey.Core.MonkeyError::Inspect()
FNDA:0,System.String Monkey.Core.MonkeyError::Inspect()
DA:114,0
FN:118,Monkey.Core.ObjectType Monkey.Core.MonkeyFunction::get_Type()
FNDA:23,Monkey.Core.ObjectType Monkey.Core.MonkeyFunction::get_Type()
DA:119,23
FN:120,System.Collections.Generic.List`1<Monkey.Core.Identifier> Monkey.Core.MonkeyFunction::get_Parameters()
FNDA:53,System.Collections.Generic.List`1<Monkey.Core.Identifier> Monkey.Core.MonkeyFunction::get_Parameters()
DA:121,53
FN:121,Monkey.Core.BlockStatement Monkey.Core.MonkeyFunction::get_Body()
FNDA:24,Monkey.Core.BlockStatement Monkey.Core.MonkeyFunction::get_Body()
DA:122,24
FN:126,Monkey.Core.MonkeyEnvironment Monkey.Core.MonkeyFunction::get_Env()
FNDA:23,Monkey.Core.MonkeyEnvironment Monkey.Core.MonkeyFunction::get_Env()
DA:127,23
FN:129,System.String Monkey.Core.MonkeyFunction::Inspect()
FNDA:0,System.String Monkey.Core.MonkeyFunction::Inspect()
DA:130,0
DA:131,0
DA:132,0
DA:133,0
DA:134,0
DA:135,0
DA:136,0
DA:138,0
DA:139,0
DA:140,0
DA:141,0
DA:142,0
DA:143,0
DA:144,0
DA:145,0
BRDA:133,58,1,0
BRDA:133,58,0,0
FN:149,System.String Monkey.Core.MonkeyString::get_Value()
FNDA:125,System.String Monkey.Core.MonkeyString::get_Value()
DA:150,125
FN:150,System.String Monkey.Core.MonkeyString::Inspect()
FNDA:0,System.String Monkey.Core.MonkeyString::Inspect()
DA:151,0
FN:151,Monkey.Core.ObjectType Monkey.Core.MonkeyString::get_Type()
FNDA:64,Monkey.Core.ObjectType Monkey.Core.MonkeyString::get_Type()
DA:152,64
FN:154,Monkey.Core.HashKey Monkey.Core.MonkeyString::HashKey()
FNDA:20,Monkey.Core.HashKey Monkey.Core.MonkeyString::HashKey()
DA:155,20
DA:156,20
DA:157,20
DA:158,20
DA:159,20
DA:160,20
FN:164,Monkey.Core.ObjectType Monkey.Core.MonkeyBuiltin::get_Type()
FNDA:17,Monkey.Core.ObjectType Monkey.Core.MonkeyBuiltin::get_Type()
DA:165,17
FN:165,System.Func`2<System.Collections.Generic.List`1<Monkey.Core.IMonkeyObject>,Monkey.Core.IMonkeyObject> Monkey.Core.MonkeyBuiltin::get_Fn()
FNDA:23,System.Func`2<System.Collections.Generic.List`1<Monkey.Core.IMonkeyObject>,Monkey.Core.IMonkeyObject> Monkey.Core.MonkeyBuiltin::get_Fn()
DA:166,23
FN:166,System.String Monkey.Core.MonkeyBuiltin::Inspect()
FNDA:0,System.String Monkey.Core.MonkeyBuiltin::Inspect()
DA:167,0
FN:171,Monkey.Core.ObjectType Monkey.Core.MonkeyArray::get_Type()
FNDA:46,Monkey.Core.ObjectType Monkey.Core.MonkeyArray::get_Type()
DA:172,46
FN:173,System.Collections.Generic.List`1<Monkey.Core.IMonkeyObject> Monkey.Core.MonkeyArray::get_Elements()
FNDA:63,System.Collections.Generic.List`1<Monkey.Core.IMonkeyObject> Monkey.Core.MonkeyArray::get_Elements()
DA:174,63
FN:176,System.String Monkey.Core.MonkeyArray::Inspect()
FNDA:0,System.String Monkey.Core.MonkeyArray::Inspect()
DA:177,0
DA:178,0
DA:179,0
DA:181,0
DA:182,0
DA:183,0
DA:184,0
DA:186,0
DA:187,0
DA:188,0
DA:189,0
DA:190,0
BRDA:181,58,1,0
BRDA:181,58,0,0
FN:194,Monkey.Core.IMonkeyObject Monkey.Core.HashPair::get_Key()
FNDA:13,Monkey.Core.IMonkeyObject Monkey.Core.HashPair::get_Key()
DA:195,13
FN:195,Monkey.Core.IMonkeyObject Monkey.Core.HashPair::get_Value()
FNDA:30,Monkey.Core.IMonkeyObject Monkey.Core.HashPair::get_Value()
DA:196,30
FN:200,Monkey.Core.ObjectType Monkey.Core.MonkeyHash::get_Type()
FNDA:24,Monkey.Core.ObjectType Monkey.Core.MonkeyHash::get_Type()
DA:201,24
FN:202,System.Collections.Generic.Dictionary`2<Monkey.Core.HashKey,Monkey.Core.HashPair> Monkey.Core.MonkeyHash::get_Pairs()
FNDA:24,System.Collections.Generic.Dictionary`2<Monkey.Core.HashKey,Monkey.Core.HashPair> Monkey.Core.MonkeyHash::get_Pairs()
DA:203,24
FN:205,System.String Monkey.Core.MonkeyHash::Inspect()
FNDA:0,System.String Monkey.Core.MonkeyHash::Inspect()
DA:206,0
DA:207,0
DA:208,0
DA:210,0
DA:211,0
DA:212,0
DA:213,0
DA:215,0
DA:216,0
DA:217,0
DA:218,0
DA:219,0
BRDA:210,96,1,0
BRDA:210,96,0,0
LF:83
LH:36
BRF:8
BRH:2
FNF:37
FNH:26
end_of_record
SF:/Users/sgoguen/projects/github.com/sgoguen/MonkeyLang/Monkey.Core/Parser.cs
FN:23,System.Void Monkey.Core.ParserTracer::IncIdent()
FNDA:1414,System.Void Monkey.Core.ParserTracer::IncIdent()
DA:24,1414
FN:24,System.Void Monkey.Core.ParserTracer::DecIdent()
FNDA:1414,System.Void Monkey.Core.ParserTracer::DecIdent()
DA:25,1414
FN:25,System.String Monkey.Core.ParserTracer::IdentLevel()
FNDA:0,System.String Monkey.Core.ParserTracer::IdentLevel()
DA:26,0
FN:27,System.Void Monkey.Core.ParserTracer::TracePrint(System.String)
FNDA:2828,System.Void Monkey.Core.ParserTracer::TracePrint(System.String)
DA:28,2828
DA:29,2828
DA:30,0
DA:31,0
DA:32,0
DA:33,2828
BRDA:29,9,0,0
BRDA:29,9,1,2828
FN:40,System.Void Monkey.Core.ParserTracer::Trace(System.String)
FNDA:1414,System.Void Monkey.Core.ParserTracer::Trace(System.String)
DA:41,1414
DA:42,1414
DA:43,1414
DA:44,1414
FN:45,System.Void Monkey.Core.ParserTracer::Untrace(System.String)
FNDA:1414,System.Void Monkey.Core.ParserTracer::Untrace(System.String)
DA:46,1414
DA:47,1414
DA:48,1414
DA:49,1414
FN:34,System.Void Monkey.Core.ParserTracer::.ctor(System.Boolean)
FNDA:183,System.Void Monkey.Core.ParserTracer::.ctor(System.Boolean)
DA:35,183
DA:36,183
DA:37,183
DA:38,183
FN:20,System.Void Monkey.Core.ParserTracer::.cctor()
FNDA:1,System.Void Monkey.Core.ParserTracer::.cctor()
DA:21,1
FN:71,System.Collections.Generic.List`1<System.String> Monkey.Core.Parser::get_Errors()
FNDA:250,System.Collections.Generic.List`1<System.String> Monkey.Core.Parser::get_Errors()
DA:72,250
FN:119,System.Void Monkey.Core.Parser::RegisterPrefix(Monkey.Core.TokenType,System.Func`1<Monkey.Core.IExpression>)
FNDA:2196,System.Void Monkey.Core.Parser::RegisterPrefix(Monkey.Core.TokenType,System.Func`1<Monkey.Core.IExpression>)
DA:120,2196
FN:120,System.Void Monkey.Core.Parser::RegisterInfix(Monkey.Core.TokenType,System.Func`2<Monkey.Core.IExpression,Monkey.Core.IExpression>)
FNDA:1830,System.Void Monkey.Core.Parser::RegisterInfix(Monkey.Core.TokenType,System.Func`2<Monkey.Core.IExpression,Monkey.Core.IExpression>)
DA:121,1830
FN:160,Monkey.Core.Program Monkey.Core.Parser::ParseProgram()
FNDA:183,Monkey.Core.Program Monkey.Core.Parser::ParseProgram()
DA:161,183
DA:162,183
DA:163,183
DA:165,397
DA:166,214
DA:167,214
DA:168,214
DA:169,214
DA:170,214
DA:171,214
DA:172,214
DA:173,214
DA:174,183
DA:175,183
BRDA:165,72,1,214
BRDA:168,35,0,214
BRDA:168,35,1,214
BRDA:165,72,0,183
FN:177,System.Void Monkey.Core.Parser::NextToken()
FNDA:1826,System.Void Monkey.Core.Parser::NextToken()
DA:178,1826
DA:179,1826
DA:180,1826
DA:181,1826
FN:183,Monkey.Core.IStatement Monkey.Core.Parser::ParseStatement()
FNDA:253,Monkey.Core.IStatement Monkey.Core.Parser::ParseStatement()
DA:184,253
DA:185,253
DA:188,27
DA:190,18
DA:195,208
DA:197,253
BRDA:185,18,0,226
BRDA:185,18,1,27
BRDA:185,25,1,18
BRDA:185,25,0,208
FN:199,Monkey.Core.LetStatement Monkey.Core.Parser::ParseLetStatement()
FNDA:27,Monkey.Core.LetStatement Monkey.Core.Parser::ParseLetStatement()
DA:200,27
DA:201,27
DA:202,27
DA:203,0
DA:204,0
DA:207,27
DA:208,27
DA:209,0
DA:210,0
DA:213,27
DA:214,27
DA:215,27
DA:216,26
DA:217,26
DA:218,26
DA:220,27
DA:221,27
BRDA:202,32,0,0
BRDA:202,32,1,27
BRDA:208,94,0,0
BRDA:208,94,1,27
BRDA:215,134,0,26
BRDA:215,134,1,27
FN:223,Monkey.Core.ReturnStatement Monkey.Core.Parser::ParseReturnStatement()
FNDA:18,Monkey.Core.ReturnStatement Monkey.Core.Parser::ParseReturnStatement()
DA:224,18
DA:225,18
DA:227,18
DA:228,18
DA:230,18
DA:231,18
DA:232,18
DA:233,18
DA:234,18
DA:235,18
BRDA:230,51,0,18
BRDA:230,51,1,18
FN:237,Monkey.Core.ExpressionStatement Monkey.Core.Parser::ParseExpressionStatement()
FNDA:208,Monkey.Core.ExpressionStatement Monkey.Core.Parser::ParseExpressionStatement()
DA:238,208
DA:239,208
DA:240,208
DA:243,208
DA:246,208
DA:247,58
DA:248,58
DA:249,58
DA:250,208
DA:251,208
DA:252,208
BRDA:246,61,0,58
BRDA:246,61,1,208
FN:254,Monkey.Core.IExpression Monkey.Core.Parser::ParseExpression(Monkey.Core.Parser/PrecedenceLevel)
FNDA:660,Monkey.Core.IExpression Monkey.Core.Parser::ParseExpression(Monkey.Core.Parser/PrecedenceLevel)
DA:255,660
DA:256,660
DA:258,660
DA:259,660
DA:260,0
DA:261,0
DA:262,0
DA:264,660
DA:272,903
DA:273,243
DA:275,243
DA:276,243
DA:277,0
DA:278,0
DA:280,243
DA:281,243
DA:282,243
DA:283,660
DA:285,660
DA:286,660
BRDA:259,49,0,0
BRDA:259,49,1,660
BRDA:272,169,1,243
BRDA:276,118,0,0
BRDA:276,118,1,243
BRDA:272,151,0,773
BRDA:272,151,1,130
BRDA:272,169,0,660
FN:287,System.Boolean Monkey.Core.Parser::CurTokenIs(Monkey.Core.TokenType)
FNDA:529,System.Boolean Monkey.Core.Parser::CurTokenIs(Monkey.Core.TokenType)
DA:288,529
FN:289,System.Boolean Monkey.Core.Parser::PeekTokenIs(Monkey.Core.TokenType)
FNDA:1712,System.Boolean Monkey.Core.Parser::PeekTokenIs(Monkey.Core.TokenType)
DA:290,1712
FN:292,System.Boolean Monkey.Core.Parser::ExpectPeek(Monkey.Core.TokenType)
FNDA:287,System.Boolean Monkey.Core.Parser::ExpectPeek(Monkey.Core.TokenType)
DA:293,287
DA:294,287
DA:295,287
DA:296,287
DA:297,287
DA:300,0
DA:301,0
DA:302,287
BRDA:294,10,0,287
BRDA:294,10,1,0
FN:304,System.Void Monkey.Core.Parser::PeekError(Monkey.Core.TokenType)
FNDA:0,System.Void Monkey.Core.Parser::PeekError(Monkey.Core.TokenType)
DA:305,0
DA:306,0
DA:307,0
FN:309,Monkey.Core.IExpression Monkey.Core.Parser::ParseIdentifier()
FNDA:126,Monkey.Core.IExpression Monkey.Core.Parser::ParseIdentifier()
DA:310,126
DA:311,126
DA:312,126
FN:314,Monkey.Core.IExpression Monkey.Core.Parser::ParseIntegerLiteral()
FNDA:338,Monkey.Core.IExpression Monkey.Core.Parser::ParseIntegerLiteral()
DA:315,338
DA:316,338
DA:317,338
DA:320,338
DA:321,338
DA:322,0
DA:323,0
DA:324,0
DA:326,338
DA:327,338
DA:328,338
DA:329,338
BRDA:321,62,0,0
BRDA:321,62,1,338
FN:331,Monkey.Core.IExpression Monkey.Core.Parser::ParseBoolean()
FNDA:57,Monkey.Core.IExpression Monkey.Core.Parser::ParseBoolean()
DA:332,57
DA:333,57
DA:334,57
FN:336,Monkey.Core.IExpression Monkey.Core.Parser::ParsePrefixExpression()
FNDA:28,Monkey.Core.IExpression Monkey.Core.Parser::ParsePrefixExpression()
DA:337,28
DA:338,28
DA:339,28
DA:340,28
DA:341,28
DA:342,28
DA:343,28
DA:344,28
FN:346,System.Void Monkey.Core.Parser::NoPrefixParseFnError(Monkey.Core.TokenType)
FNDA:0,System.Void Monkey.Core.Parser::NoPrefixParseFnError(Monkey.Core.TokenType)
DA:347,0
DA:348,0
DA:349,0
FN:351,Monkey.Core.IExpression Monkey.Core.Parser::ParseInfixExpression(Monkey.Core.IExpression)
FNDA:180,Monkey.Core.IExpression Monkey.Core.Parser::ParseInfixExpression(Monkey.Core.IExpression)
DA:352,180
DA:353,180
DA:354,180
DA:355,180
DA:356,180
DA:357,180
DA:358,180
DA:359,180
DA:360,180
FN:362,Monkey.Core.IExpression Monkey.Core.Parser::ParseCallExpression(Monkey.Core.IExpression)
FNDA:37,Monkey.Core.IExpression Monkey.Core.Parser::ParseCallExpression(Monkey.Core.IExpression)
DA:363,37
DA:364,37
DA:365,37
DA:366,37
DA:367,37
FN:369,Monkey.Core.IExpression Monkey.Core.Parser::ParseIndexExpression(Monkey.Core.IExpression)
FNDA:26,Monkey.Core.IExpression Monkey.Core.Parser::ParseIndexExpression(Monkey.Core.IExpression)
DA:370,26
DA:371,26
DA:373,26
DA:374,26
DA:383,26
DA:384,0
DA:385,0
DA:387,26
DA:388,26
BRDA:383,62,0,0
BRDA:383,62,1,26
FN:390,Monkey.Core.IExpression Monkey.Core.Parser::ParseGroupedExpression()
FNDA:12,Monkey.Core.IExpression Monkey.Core.Parser::ParseGroupedExpression()
DA:391,12
DA:392,12
DA:393,12
DA:394,12
DA:395,12
BRDA:394,24,0,12
BRDA:394,24,1,0
FN:397,Monkey.Core.IExpression Monkey.Core.Parser::ParseIfExpression()
FNDA:17,Monkey.Core.IExpression Monkey.Core.Parser::ParseIfExpression()
DA:398,17
DA:399,17
DA:401,17
DA:402,0
DA:403,0
DA:406,17
DA:407,17
DA:409,17
DA:410,0
DA:411,0
DA:414,17
DA:415,0
DA:416,0
DA:419,17
DA:421,17
DA:422,3
DA:423,3
DA:424,3
DA:425,0
DA:426,0
DA:429,3
DA:430,3
DA:432,17
DA:433,17
BRDA:401,33,0,0
BRDA:401,33,1,17
BRDA:409,77,0,0
BRDA:409,77,1,17
BRDA:414,99,0,0
BRDA:414,99,1,17
BRDA:421,131,0,3
BRDA:424,156,0,0
BRDA:424,156,1,3
BRDA:421,131,1,17
FN:435,Monkey.Core.BlockStatement Monkey.Core.Parser::ParseBlockStatement()
FNDA:36,Monkey.Core.BlockStatement Monkey.Core.Parser::ParseBlockStatement()
DA:436,36
DA:437,36
DA:438,36
DA:440,36
DA:444,75
DA:445,39
DA:446,39
DA:447,39
DA:448,39
DA:449,39
DA:450,39
DA:451,39
DA:452,39
DA:453,36
DA:454,36
BRDA:444,93,1,39
BRDA:447,55,0,39
BRDA:447,55,1,39
BRDA:444,93,0,36
FN:456,Monkey.Core.IExpression Monkey.Core.Parser::ParseFunctionLiteral()
FNDA:16,Monkey.Core.IExpression Monkey.Core.Parser::ParseFunctionLiteral()
DA:457,16
DA:458,16
DA:460,16
DA:461,0
DA:462,0
DA:465,16
DA:467,16
DA:468,0
DA:469,0
DA:472,16
DA:473,16
DA:474,16
BRDA:460,33,0,0
BRDA:460,33,1,16
BRDA:467,66,0,0
BRDA:467,66,1,16
FN:476,System.Collections.Generic.List`1<Monkey.Core.Identifier> Monkey.Core.Parser::ParseFunctionParameters()
FNDA:16,System.Collections.Generic.List`1<Monkey.Core.Identifier> Monkey.Core.Parser::ParseFunctionParameters()
DA:477,16
DA:478,16
DA:479,16
DA:480,1
DA:481,1
DA:482,1
DA:485,15
DA:486,15
DA:487,15
DA:489,20
DA:490,5
DA:491,5
DA:492,5
DA:493,5
DA:494,5
DA:495,5
DA:497,15
DA:498,0
DA:499,0
DA:502,15
DA:503,16
BRDA:479,17,0,1
BRDA:479,17,1,15
BRDA:489,161,1,5
BRDA:489,161,0,15
BRDA:497,178,0,0
BRDA:497,178,1,15
FN:505,Monkey.Core.IExpression Monkey.Core.Parser::ParseStringLiteral()
FNDA:31,Monkey.Core.IExpression Monkey.Core.Parser::ParseStringLiteral()
DA:506,31
DA:507,31
DA:508,31
FN:510,Monkey.Core.IExpression Monkey.Core.Parser::ParseArrayLiteral()
FNDA:23,Monkey.Core.IExpression Monkey.Core.Parser::ParseArrayLiteral()
DA:511,23
DA:512,23
DA:513,23
DA:514,23
DA:515,23
FN:519,System.Collections.Generic.List`1<Monkey.Core.IExpression> Monkey.Core.Parser::ParseExpressionList(Monkey.Core.TokenType)
FNDA:60,System.Collections.Generic.List`1<Monkey.Core.IExpression> Monkey.Core.Parser::ParseExpressionList(Monkey.Core.TokenType)
DA:520,60
DA:521,60
DA:523,60
DA:524,6
DA:525,6
DA:526,6
DA:529,54
DA:530,54
DA:532,106
DA:533,52
DA:534,52
DA:535,52
DA:536,52
DA:537,52
DA:539,54
DA:540,0
DA:541,0
DA:544,54
DA:545,60
BRDA:523,16,0,6
BRDA:523,16,1,54
BRDA:532,93,1,52
BRDA:532,93,0,54
BRDA:539,109,0,0
BRDA:539,109,1,54
FN:547,Monkey.Core.IExpression Monkey.Core.Parser::ParseHashLiteral()
FNDA:12,Monkey.Core.IExpression Monkey.Core.Parser::ParseHashLiteral()
DA:548,12
DA:549,12
DA:551,31
DA:552,19
DA:553,19
DA:554,19
DA:556,19
DA:557,0
DA:558,0
DA:561,19
DA:562,19
DA:563,19
DA:565,19
DA:566,0
DA:567,0
DA:569,19
DA:571,12
DA:572,0
DA:573,0
DA:576,12
DA:577,12
BRDA:551,152,1,19
BRDA:556,63,0,0
BRDA:556,63,1,19
BRDA:565,108,0,9
BRDA:565,108,1,10
BRDA:565,128,0,0
BRDA:565,128,1,19
BRDA:551,152,0,12
BRDA:571,169,0,0
BRDA:571,169,1,12
FN:579,Monkey.Core.Parser/PrecedenceLevel Monkey.Core.Parser::PeekPrecedence()
FNDA:773,Monkey.Core.Parser/PrecedenceLevel Monkey.Core.Parser::PeekPrecedence()
DA:580,773
DA:582,773
DA:589,773
DA:590,773
BRDA:589,27,0,486
BRDA:589,27,1,287
FN:592,Monkey.Core.Parser/PrecedenceLevel Monkey.Core.Parser::CurPrecedence()
FNDA:180,Monkey.Core.Parser/PrecedenceLevel Monkey.Core.Parser::CurPrecedence()
DA:593,180
DA:595,180
DA:596,180
DA:597,180
BRDA:596,27,0,0
BRDA:596,27,1,180
FN:105,System.Void Monkey.Core.Parser::.ctor(Monkey.Core.Lexer,System.Boolean)
FNDA:183,System.Void Monkey.Core.Parser::.ctor(Monkey.Core.Lexer,System.Boolean)
DA:106,183
DA:107,183
DA:108,183
DA:109,183
DA:110,183
DA:111,183
DA:112,183
DA:113,183
DA:114,183
DA:115,183
DA:116,183
DA:117,183
DA:118,183
DA:123,183
DA:124,183
DA:125,183
DA:126,183
DA:127,183
DA:129,183
DA:130,183
DA:131,183
DA:132,183
DA:133,183
DA:134,183
DA:135,183
DA:136,183
DA:137,183
DA:138,183
DA:139,183
DA:140,183
DA:141,183
DA:143,183
DA:144,183
DA:145,183
DA:146,183
DA:147,183
DA:148,183
DA:149,183
DA:150,183
DA:151,183
DA:152,183
DA:153,183
DA:156,183
DA:157,183
DA:158,183
LF:350
LH:302
BRF:80
BRH:59
FNF:42
FNH:39
end_of_record